Feature selection on 11 UCI datasets to minimize feature count and maximize scores
8 93.75 [ 0  3  4  6  8 11 12 15]
8 93.75 [ 0  3  4  6  8 11 12 15]
8 93.75 [ 0  3  4  6  8 11 12 15]
8 93.75 [ 0  3  4  6  8 11 12 15]
8 93.75 [ 0  3  4  6  8 11 12 15]
8 93.75 [ 0  3  4  6  8 11 12 15]
8 93.75 [ 0  3  4  6  8 11 12 15]
8 93.75 [ 0  3  4  6  8 11 12 15]
8 93.75 [ 0  3  4  6  8 11 12 15]
8 93.75 [ 0  3  4  6  8 11 12 15]
8 93.75 [ 0  3  4  6  8 11 12 15]
8 93.75 [ 0  3  4  6  8 11 12 15]
8 93.75 [ 0  3  4  6  8 11 12 15]
8 93.75 [ 0  3  4  6  8 11 12 15]
8 93.75 [ 0  3  4  6  8 11 12 15]
8 93.75 [ 0  3  4  6  8 11 12 15]
8 93.75 [ 0  3  4  6  8 11 12 15]
8 93.75 [ 0  3  4  6  8 11 12 15]
8 93.75 [ 0  3  4  6  8 11 12 15]
8 93.75 [ 0  3  4  6  8 11 12 15]
0.60538947113 0.569741532977 0.641334386103 0.0250654896897
00 credit.dat      dims=20 trainset=  800/ 1000    feature_distribution =
[[ 8 20]]
6 99.3382352941 [ 0  3 15 18 27 33]
6 99.3382352941 [ 0  3 15 18 32 33]
6 99.3382352941 [ 0  3 15 18 28 33]
6 99.3382352941 [ 1  3 15 18 27 33]
6 99.3382352941 [ 3  4 18 27 31 33]
6 99.3382352941 [ 3  5 14 15 31 33]
6 99.3382352941 [ 2  3 13 20 31 33]
6 99.3382352941 [ 3  4 15 16 18 33]
6 99.3382352941 [ 1  2  3 15 31 33]
6 99.3382352941 [ 3  4 15 16 18 33]
6 99.3382352941 [ 3  5 14 15 31 33]
6 99.3382352941 [ 3 15 18 27 31 33]
6 99.3382352941 [ 0  1  3  5 15 33]
6 99.3382352941 [ 3  4  7 18 20 33]
6 99.3382352941 [ 1  3  4 18 21 33]
6 99.3382352941 [ 2  3 13 15 31 33]
6 99.3382352941 [ 3  4 18 20 26 33]
6 99.3382352941 [ 2  3 18 20 31 33]
6 99.3382352941 [ 3 14 15 24 31 33]
6 99.3382352941 [ 3 15 18 27 31 33]
0.562601425224 0.392352092352 0.672433122433 0.0828619622981
01 derm.dat        dims=34 trainset=  292/  366    feature_distribution =
[[ 6 20]]
8 97.8676470588 [ 3  4  5 12 14 15 27 33]
8 97.8676470588 [ 2  4 13 14 16 26 27 33]
8 97.8676470588 [ 2  4 14 15 18 26 27 33]
8 97.8676470588 [ 1  2  3  8 15 16 18 27]
9 97.1323529412 [ 4 14 15 17 19 26 27 31 33]
8 97.8676470588 [ 0  4 15 18 19 27 31 33]
8 97.8676470588 [ 0  3  4 13 15 25 27 33]
8 97.8676470588 [ 1  3  4 13 20 27 31 33]
8 97.8676470588 [ 1  2  3  8 15 16 18 27]
8 97.8676470588 [ 2  4 14 15 18 24 27 33]
8 97.8676470588 [ 1  2  3  8 15 16 18 27]
8 97.8676470588 [ 3  4 12 14 15 27 28 33]
8 97.8676470588 [ 2  3  4 15 16 18 27 33]
9 97.1323529412 [ 0  3  4 11 14 17 25 27 29]
8 97.8676470588 [ 2  4  5 14 15 17 27 33]
8 97.8676470588 [ 3  4 12 14 15 24 27 33]
8 97.8676470588 [ 1  3  4 13 20 27 31 33]
8 97.8676470588 [ 0  3  4 13 15 25 27 33]
8 97.8676470588 [ 2  4 13 14 16 26 27 33]
8 97.8676470588 [ 3  4  8 14 15 17 26 33]
0.867686867572 0.774201040505 0.960978835979 0.0531830703169
02 derm2.dat       dims=34 trainset=  286/  358    feature_distribution =
[[ 8 18]
 [ 9  2]]
6 92.2115384615 [ 0  2  4  6  8 10]
6 92.2115384615 [ 0  2  4  6  8 10]
6 92.2115384615 [ 0  2  4  6  8 10]
6 92.2115384615 [ 0  2  4  6  8 10]
6 92.2115384615 [ 0  2  4  6  8 10]
6 92.2115384615 [ 0  2  4  6  8 10]
6 92.2115384615 [ 0  2  4  6  8 10]
6 92.2115384615 [ 0  2  4  6  8 10]
6 92.2115384615 [ 0  2  4  6  8 10]
6 92.2115384615 [ 0  2  4  6  8 10]
6 92.2115384615 [ 0  2  4  6  8 10]
6 92.2115384615 [ 0  2  4  6  8 10]
6 92.2115384615 [ 0  2  4  6  8 10]
6 92.2115384615 [ 0  2  4  6  8 10]
6 92.2115384615 [ 0  2  4  6  8 10]
6 92.2115384615 [ 0  2  4  6  8 10]
6 92.2115384615 [ 0  2  4  6  8 10]
6 92.2115384615 [ 0  2  4  6  8 10]
6 92.2115384615 [ 0  2  4  6  8 10]
6 92.2115384615 [ 0  2  4  6  8 10]
1.0 1.0 1.0 0.0
03 exactly.dat     dims=13 trainset=  800/ 1000    feature_distribution =
[[ 6 20]]
10 84.5192307692 [0 1 2 3 4 5 6 7 8 9]
10 84.5192307692 [0 1 2 3 4 5 6 7 8 9]
10 84.5192307692 [0 1 2 3 4 5 6 7 8 9]
10 84.5192307692 [0 1 2 3 4 5 6 7 8 9]
10 84.5192307692 [0 1 2 3 4 5 6 7 8 9]
10 84.5192307692 [0 1 2 3 4 5 6 7 8 9]
10 84.5192307692 [0 1 2 3 4 5 6 7 8 9]
10 84.5192307692 [0 1 2 3 4 5 6 7 8 9]
10 84.5192307692 [0 1 2 3 4 5 6 7 8 9]
10 84.5192307692 [0 1 2 3 4 5 6 7 8 9]
10 84.5192307692 [0 1 2 3 4 5 6 7 8 9]
10 84.5192307692 [0 1 2 3 4 5 6 7 8 9]
10 84.5192307692 [0 1 2 3 4 5 6 7 8 9]
10 84.5192307692 [0 1 2 3 4 5 6 7 8 9]
10 84.5192307692 [0 1 2 3 4 5 6 7 8 9]
10 84.5192307692 [0 1 2 3 4 5 6 7 8 9]
10 84.5192307692 [0 1 2 3 4 5 6 7 8 9]
10 84.5192307692 [0 1 2 3 4 5 6 7 8 9]
10 84.5192307692 [0 1 2 3 4 5 6 7 8 9]
10 84.5192307692 [0 1 2 3 4 5 6 7 8 9]
0.703358383701 0.666281606982 0.786538728967 0.0325726411654
04 exactly2.dat    dims=13 trainset=  800/ 1000    feature_distribution =
[[10 20]]
6 92.2115384615 [0 2 3 4 6 7]
6 92.2115384615 [0 2 3 4 6 7]
6 92.2115384615 [0 2 3 4 6 7]
6 92.2115384615 [0 2 3 4 6 7]
6 92.2115384615 [0 2 3 4 6 7]
6 92.2115384615 [0 2 3 4 6 7]
6 92.2115384615 [0 2 3 4 6 7]
6 92.2115384615 [0 2 3 4 6 7]
6 92.2115384615 [0 2 3 4 6 7]
6 92.2115384615 [0 2 3 4 6 7]
6 92.2115384615 [0 2 3 4 6 7]
6 92.2115384615 [0 2 3 4 6 7]
6 92.2115384615 [0 2 3 4 6 7]
6 92.2115384615 [0 2 3 4 6 7]
6 92.2115384615 [0 2 3 4 6 7]
6 92.2115384615 [0 2 3 4 6 7]
6 92.2115384615 [0 2 3 4 6 7]
6 92.2115384615 [0 2 3 4 6 7]
6 92.2115384615 [0 2 3 4 6 7]
6 92.2115384615 [0 2 3 4 6 7]
0.673162469882 0.573026315789 0.768421052632 0.0540734084095
05 heart.dat       dims=13 trainset=  235/  294    feature_distribution =
[[ 6 20]]
5 98.5416666667 [0 1 2 3 4]
5 98.5416666667 [0 1 2 3 4]
5 98.5416666667 [0 1 2 3 4]
5 98.5416666667 [0 1 2 3 4]
5 98.5416666667 [0 1 2 3 4]
5 98.5416666667 [0 1 2 3 4]
5 98.5416666667 [0 1 2 3 4]
5 98.5416666667 [0 1 2 3 4]
5 98.5416666667 [0 1 2 3 4]
5 98.5416666667 [0 1 2 3 4]
5 98.5416666667 [0 1 2 3 4]
5 98.5416666667 [0 1 2 3 4]
5 98.5416666667 [0 1 2 3 4]
5 98.5416666667 [0 1 2 3 4]
5 98.5416666667 [0 1 2 3 4]
15 82.95 [ 1  2  4  6  7  8  9 10 12 13 15 16 17 18 23]
5 98.5416666667 [0 1 2 3 4]
5 98.5416666667 [0 1 2 3 4]
5 98.5416666667 [0 1 2 3 4]
5 98.5416666667 [0 1 2 3 4]
1.0 1.0 1.0 0.0
06 led.dat         dims=24 trainset= 1600/ 2000    feature_distribution =
[[ 5 19]
 [15  1]]
8 95.75 [ 0  3 13 15 16 18 19 22]
8 95.75 [ 0  1  8 13 15 16 19 23]
8 95.75 [ 0  4  8  9 11 16 19 22]
8 95.75 [ 0  4  8 10 11 16 19 22]
8 95.75 [ 0  4  8 11 12 16 21 24]
8 95.75 [ 0  2  4  8 11 16 19 24]
8 95.75 [ 0  3  8 13 14 16 22 24]
8 95.75 [ 0  4  6 10 14 18 19 21]
8 95.75 [ 0  2  8 10 13 16 19 23]
8 95.75 [ 0  4  6  9 11 18 21 24]
8 95.75 [ 0  4  6 11 12 18 19 21]
8 95.75 [ 0  3  6  9 11 18 21 24]
8 95.75 [ 0  1  6  9 11 18 19 21]
8 95.75 [ 0  3  9 11 16 18 19 24]
8 95.75 [ 0  4  8 10 11 16 19 22]
8 95.75 [ 0  4  6  9 11 18 19 23]
8 95.75 [ 0  1  9 11 16 18 22 24]
8 95.75 [ 0  4  8 10 11 16 23 24]
8 95.75 [ 0  1  6  8 13 19 20 23]
8 95.75 [ 0  1  4  6  8 11 19 22]
0.0 0.0 0.0 0.0
07 letters.dat     dims=25 trainset=   20/   26    feature_distribution =
[[ 8 20]]
4 101.964285714 [15 31 45 54]
4 101.964285714 [ 3  6 25 42]
4 101.964285714 [ 0  8 13 26]
4 101.964285714 [ 8 11 26 34]
4 101.964285714 [ 8 15 29 35]
4 101.964285714 [ 4 11 14 42]
4 101.964285714 [ 2  8 14 46]
4 101.964285714 [ 8 10 26 41]
4 101.964285714 [13 30 34 39]
4 101.964285714 [ 2  3  8 34]
4 101.964285714 [ 3 15 16 42]
4 101.964285714 [ 4 13 46 54]
4 101.964285714 [ 5  8 10 26]
4 101.964285714 [ 8 12 34 35]
4 101.964285714 [ 8 15 32 54]
4 101.964285714 [13 15 42 53]
4 101.964285714 [ 3  5  8 42]
4 101.964285714 [ 8 31 53 54]
4 101.964285714 [ 8 14 34 37]
4 101.964285714 [ 8 13 30 34]
0.587069319569 0.214285714286 1.0 0.21794098421
08 lung.dat        dims=56 trainset=   25/   32    feature_distribution =
[[ 4 20]]
6 92.2115384615 [ 0  2  4  6  8 10]
6 92.2115384615 [ 0  2  4  6  8 10]
6 92.2115384615 [ 0  2  4  6  8 10]
6 92.2115384615 [ 0  2  4  6  8 10]
6 92.2115384615 [ 0  2  4  6  8 10]
6 92.2115384615 [ 0  2  4  6  8 10]
6 92.2115384615 [ 0  2  4  6  8 10]
6 92.2115384615 [ 0  2  4  6  8 10]
6 92.2115384615 [ 0  2  4  6  8 10]
6 92.2115384615 [ 0  2  4  6  8 10]
6 92.2115384615 [ 0  2  4  6  8 10]
6 92.2115384615 [ 0  2  4  6  8 10]
6 92.2115384615 [ 0  2  4  6  8 10]
6 92.2115384615 [ 0  2  4  6  8 10]
6 92.2115384615 [ 0  2  4  6  8 10]
6 92.2115384615 [ 0  2  4  6  8 10]
6 92.2115384615 [ 0  2  4  6  8 10]
6 92.2115384615 [ 0  2  4  6  8 10]
6 92.2115384615 [ 0  2  4  6  8 10]
6 92.2115384615 [ 0  2  4  6  8 10]
1.0 1.0 1.0 0.0
09 m-of-n.dat      dims=13 trainset=  800/ 1000    feature_distribution =
[[ 6 20]]
4 99.2045454545 [ 3  6 10 19]
4 99.2045454545 [ 3  6 10 19]
4 99.2045454545 [ 3 10 17 19]
4 99.2045454545 [ 3  4 11 21]
4 99.2045454545 [ 4 10 18 21]
4 99.2045454545 [ 3 10 19 21]
4 99.2045454545 [ 3 10 17 19]
4 99.2045454545 [ 2  3 10 19]
4 99.2045454545 [ 3  6 10 19]
4 99.2045454545 [ 4 19 20 21]
4 99.2045454545 [ 3 10 19 21]
4 99.2045454545 [ 3  7 10 19]
4 99.2045454545 [ 2  3 10 19]
4 99.2045454545 [ 3  4 11 21]
4 99.2045454545 [ 3 10 19 21]
4 99.2045454545 [ 4 14 20 21]
4 99.2045454545 [ 3 10 19 20]
4 99.2045454545 [ 3 10 19 20]
4 99.2045454545 [ 3 10 19 20]
4 99.2045454545 [ 3 10 17 19]
1.0 1.0 1.0 0.0
10 mushroom.dat    dims=22 trainset= 6499/ 8124    feature_distribution =
[[ 4 20]]
2 102.321428571 [21 22]
2 102.321428571 [21 22]
2 102.321428571 [21 22]
2 102.321428571 [21 27]
2 102.321428571 [ 3 21]
2 102.321428571 [ 3 21]
2 102.321428571 [20 21]
2 102.321428571 [21 27]
2 102.321428571 [21 22]
2 102.321428571 [21 22]
2 102.321428571 [ 3 21]
2 102.321428571 [ 3 21]
2 102.321428571 [20 21]
2 102.321428571 [20 21]
2 102.321428571 [21 27]
2 102.321428571 [21 27]
2 102.321428571 [21 22]
2 102.321428571 [21 27]
2 102.321428571 [ 3 21]
2 102.321428571 [20 21]
1.0 1.0 1.0 0.0
11 soybean.dat     dims=35 trainset=   37/   47    feature_distribution =
[[ 2 20]]
8 91.25 [ 0  1  2  3  8 10 12 15]
8 91.25 [ 0  1  2  3  8 10 12 15]
8 91.25 [ 0  1  2  3  8 10 12 15]
5 88.4375 [ 2  3 10 12 15]
8 91.25 [ 0  1  2  3  8 10 12 15]
8 91.25 [ 0  1  2  3  8 10 12 15]
8 91.25 [ 0  1  2  3  8 10 12 15]
8 91.25 [ 0  1  2  3  8 10 12 15]
5 88.4375 [ 2  3 10 12 15]
8 91.25 [ 0  1  2  3  8 10 12 15]
8 91.25 [ 0  1  2  3  8 10 12 15]
8 91.25 [ 0  1  2  3  8 10 12 15]
8 91.25 [ 0  1  2  3  8 10 12 15]
8 91.25 [ 0  1  2  3  8 10 12 15]
8 91.25 [ 0  1  2  3  8 10 12 15]
8 91.25 [ 0  1  2  3  8 10 12 15]
8 91.25 [ 0  1  2  3  8 10 12 15]
8 91.25 [ 0  1  2  3  8 10 12 15]
5 88.4375 [ 2  3 10 12 15]
8 91.25 [ 0  1  2  3  8 10 12 15]
0.910161506608 0.871428571429 0.948717948718 0.0201227980804
12 vote.dat        dims=16 trainset=  240/  300    feature_distribution =
[[ 5  3]
 [ 8 17]]
