Feature selection on 11 UCI datasets to minimize feature count and maximize scores
8 92.0
8 92.0
8 92.0
8 91.04
8 92.0
8 92.0
8 92.0
8 92.0
8 92.0
8 91.6
8 92.0
8 92.0
8 92.0
8 92.0
8 92.0
8 92.0
8 92.0
8 92.0
8 92.0
8 92.0
0.596562641339
0.596562641339 0.596562641339 0.596562641339 0.0
00 credit.dat      dims=20 trainset=  800/ 1000    feature_distribution =
[[ 8 20]]
6 96.4705882353
6 96.4705882353
6 96.4705882353
6 96.4705882353
5 96.6216650595
5 96.6216650595
6 96.4705882353
6 96.4705882353
6 96.4705882353
5 96.6216650595
5 96.6216650595
5 96.6216650595
6 96.4705882353
5 96.6216650595
5 96.6216650595
6 96.4705882353
5 96.6216650595
5 96.6216650595
6 96.4705882353
5 96.6216650595
0.718515928516
0.718515928516 0.718515928516 0.718515928516 0.0
01 derm.dat        dims=34 trainset=  292/  366    feature_distribution =
[[ 5 10]
 [ 6 10]]
8 95.2941176471
8 95.2941176471
8 95.2941176471
8 95.2941176471
8 95.2941176471
8 95.2941176471
9 94.7058823529
8 95.2941176471
8 94.8471902728
9 94.7058823529
8 95.2941176471
8 95.2941176471
8 94.8471902728
8 95.2941176471
8 95.2941176471
8 95.2941176471
8 95.2941176471
8 95.2941176471
8 94.8471902728
8 95.2941176471
0.868055555556
0.868055555556 0.868055555556 0.868055555556 0.0
02 derm2.dat       dims=34 trainset=  286/  358    feature_distribution =
[[ 8 18]
 [ 9  2]]
6 90.7692307692
6 90.7692307692
6 90.7692307692
6 90.7692307692
6 90.7692307692
6 90.7692307692
6 90.7692307692
6 90.7692307692
6 90.7692307692
6 90.7692307692
6 90.7692307692
6 90.7692307692
6 90.7692307692
6 90.7692307692
6 90.7692307692
6 90.7692307692
6 90.7692307692
6 90.7692307692
6 90.7692307692
6 90.7692307692
1.0
1.0 1.0 1.0 0.0
03 exactly.dat     dims=13 trainset=  800/ 1000    feature_distribution =
[[ 6 20]]
10 84.6153846154
10 84.6153846154
10 84.6153846154
10 84.6153846154
10 84.6153846154
10 84.6153846154
10 84.6153846154
10 84.6153846154
10 84.6153846154
10 84.6153846154
10 84.6153846154
10 84.6153846154
10 84.6153846154
10 84.6153846154
10 84.6153846154
10 84.6153846154
10 84.6153846154
10 84.6153846154
10 84.6153846154
10 84.6153846154
0.757891809206
0.757891809206 0.757891809206 0.757891809206 0.0
04 exactly2.dat    dims=13 trainset=  800/ 1000    feature_distribution =
[[10 20]]
4 92.2135007849
4 92.2135007849
4 92.2135007849
4 92.2135007849
4 92.2135007849
4 92.2135007849
4 92.2135007849
4 92.2135007849
4 92.2135007849
4 92.2135007849
4 92.2135007849
4 92.2135007849
4 92.2135007849
4 92.2135007849
4 92.2135007849
4 92.2135007849
4 92.2135007849
4 92.2135007849
4 92.2135007849
4 92.2135007849
0.533974358974
0.533974358974 0.533974358974 0.533974358974 0.0
05 heart.dat       dims=13 trainset=  235/  294    feature_distribution =
[[ 4 20]]
5 95.8333333333
5 95.8333333333
5 95.8333333333
5 95.8333333333
5 95.8333333333
5 95.8333333333
5 95.8333333333
5 95.8333333333
5 95.8333333333
5 95.8333333333
5 95.8333333333
5 95.8333333333
5 95.8333333333
5 95.8333333333
5 95.8333333333
5 95.8333333333
5 95.8333333333
5 95.8333333333
5 95.8333333333
5 95.8333333333
1.0
1.0 1.0 1.0 0.0
06 led.dat         dims=24 trainset= 1600/ 2000    feature_distribution =
[[ 5 20]]
8 93.6
8 93.6
8 93.6
8 93.6
8 93.6
8 93.6
8 93.6
8 93.6
8 93.6
8 93.6
9 92.8
8 93.6
8 93.6
8 93.6
8 93.6
8 93.6
8 93.6
8 93.6
8 93.6
8 93.6
0.0
0.0 0.0 0.0 0.0
07 letters.dat     dims=25 trainset=   20/   26    feature_distribution =
[[ 8 19]
 [ 9  1]]
5 98.2142857143
5 98.2142857143
4 98.5714285714
4 98.5714285714
5 98.2142857143
4 98.5714285714
4 98.5714285714
4 98.5714285714
4 98.5714285714
6 97.8571428571
4 98.5714285714
4 98.5714285714
4 98.5714285714
4 98.5714285714
4 98.5714285714
4 98.5714285714
4 98.5714285714
5 98.2142857143
4 98.5714285714
5 98.2142857143
1.0
1.0 1.0 1.0 0.0
08 lung.dat        dims=56 trainset=   25/   32    feature_distribution =
[[ 4 14]
 [ 5  5]
 [ 6  1]]
6 90.7692307692
6 90.7692307692
6 90.7692307692
6 90.7692307692
6 90.7692307692
6 90.7692307692
6 90.7692307692
6 90.7692307692
6 90.7692307692
6 90.7692307692
6 90.7692307692
6 90.7692307692
6 90.7692307692
6 90.7692307692
6 90.7692307692
6 90.7692307692
6 90.7692307692
6 90.7692307692
6 90.7692307692
6 90.7692307692
1.0
1.0 1.0 1.0 0.0
09 m-of-n.dat      dims=13 trainset=  800/ 1000    feature_distribution =
[[ 6 20]]
4 96.3636363636
4 96.3636363636
4 96.3636363636
4 96.3636363636
4 96.3636363636
3 96.3273801531
4 96.3636363636
3 96.3273801531
4 96.3636363636
4 96.3636363636
4 96.3636363636
4 96.3636363636
4 96.3636363636
4 96.3636363636
4 96.3636363636
4 96.3636363636
4 96.3636363636
4 96.3636363636
4 96.3636363636
4 96.3636363636
1.0
1.0 1.0 1.0 0.0
10 mushroom.dat    dims=22 trainset= 6499/ 8124    feature_distribution =
[[ 3  2]
 [ 4 18]]
7 90.1833333333
7 90.1833333333
7 90.1833333333
7 90.1833333333
7 90.1833333333
7 90.1833333333
7 90.1833333333
7 90.1833333333
7 90.1833333333
7 90.1833333333
7 90.1833333333
7 90.1833333333
7 90.1833333333
7 90.1833333333
7 90.1833333333
7 90.1833333333
7 90.1833333333
7 90.1833333333
7 90.1833333333
7 90.1833333333
0.913919413919
0.913919413919 0.913919413919 0.913919413919 0.0
11 vote.dat        dims=16 trainset=  240/  300    feature_distribution =
[[ 7 20]]
