Feature selection on 11 UCI datasets to minimize feature count and maximize scores
8 93.75 [ 0  3  4  6  8 11 12 15]
8 93.75 [ 0  3  4  6  8 11 12 15]
8 93.75 [ 0  3  4  6  8 11 12 15]
8 93.75 [ 0  3  4  6  8 11 12 15]
8 93.75 [ 0  3  4  6  8 11 12 15]
8 93.75 [ 0  3  4  6  8 11 12 15]
8 93.75 [ 0  3  4  6  8 11 12 15]
8 89.625 [ 0  1  2  3  4  7 11 12]
8 93.75 [ 0  3  4  6  8 11 12 15]
8 93.75 [ 0  3  4  6  8 11 12 15]
8 93.75 [ 0  3  4  6  8 11 12 15]
8 93.75 [ 0  3  4  6  8 11 12 15]
8 93.75 [ 0  3  4  6  8 11 12 15]
8 93.75 [ 0  3  4  6  8 11 12 15]
8 93.75 [ 0  3  4  6  8 11 12 15]
8 93.75 [ 0  3  4  6  8 11 12 15]
8 93.75 [ 0  3  4  6  8 11 12 15]
8 93.75 [ 0  3  4  6  8 11 12 15]
8 93.75 [ 0  3  4  6  8 11 12 15]
8 93.75 [ 0  3  4  6  8 11 12 15]
0.580928092227 0.516394392307 0.648589341693 0.0378346951954
00 credit.dat      dims=20 trainset=  800/ 1000    feature_distribution =
[[ 8 20]]
6 99.3382352941 [ 2 13 15 27 31 33]
7 98.6029411765 [ 4 11 13 21 27 31 33]
6 99.3382352941 [ 1  3  7 15 31 33]
7 98.6029411765 [ 1  3 15 17 18 28 33]
7 98.6029411765 [ 1  3 15 18 23 32 33]
7 98.6029411765 [ 2 18 19 24 27 31 33]
6 99.3382352941 [ 2  3 15 22 31 33]
6 99.3382352941 [ 3  4 18 20 31 33]
7 98.6029411765 [ 0  3 14 15 16 24 33]
6 99.3382352941 [ 1  3  4 15 18 33]
8 97.8676470588 [ 1  4  6 13 15 21 26 33]
6 99.3382352941 [ 0  3 11 13 20 33]
6 99.3382352941 [ 0  1  3 15 24 33]
7 98.6029411765 [ 3  4 13 15 17 31 33]
6 99.3382352941 [ 2  3  4  9 31 33]
7 98.6029411765 [ 3  4  5 15 16 18 33]
7 98.6029411765 [ 4 14 18 25 26 27 33]
6 99.3382352941 [ 3  4  7 18 20 33]
7 98.6029411765 [ 3 16 17 18 24 27 33]
6 99.3382352941 [ 0  3  5 13 15 33]
0.682686004252 0.528335191379 0.80235042735 0.0669624305525
01 derm.dat        dims=34 trainset=  292/  366    feature_distribution =
[[ 6 10]
 [ 7  9]
 [ 8  1]]
9 97.1323529412 [ 3  4 11 14 16 17 27 31 33]
9 97.1323529412 [ 1  4 13 14 18 24 25 27 33]
9 97.1323529412 [ 0  2  3  4  9 13 27 32 33]
8 97.8676470588 [ 2  4 13 14 18 24 27 33]
9 97.1323529412 [ 0  3  4 15 16 18 27 31 33]
9 97.1323529412 [ 0  3  4 14 17 25 27 28 29]
9 97.1323529412 [ 3  5 13 15 16 19 27 31 33]
8 97.8676470588 [ 3  4  8 14 15 17 32 33]
8 97.8676470588 [ 2  4 11 14 15 18 27 33]
10 96.3970588235 [ 0  4  8 12 15 18 19 27 31 32]
10 96.3970588235 [ 0  4 13 14 15 16 18 24 25 27]
8 97.8676470588 [ 0  3  4 13 15 21 27 33]
9 97.1323529412 [ 4 13 14 15 17 18 20 32 33]
9 97.1323529412 [ 2  3  4  8 14 15 16 27 32]
8 97.8676470588 [ 0  4  9 15 18 27 31 33]
9 97.1323529412 [ 2  4 13 14 18 25 26 27 33]
9 97.1323529412 [ 1  3  4 11 15 17 25 27 33]
8 97.8676470588 [ 2  4 14 15 18 24 27 33]
8 97.8676470588 [ 2  4 14 15 17 27 28 33]
8 97.8676470588 [ 0  3  4 13 14 15 27 33]
0.807074841908 0.675213675214 0.889763014763 0.0538289682559
02 derm2.dat       dims=34 trainset=  286/  358    feature_distribution =
[[ 8  8]
 [ 9 10]
 [10  2]]
6 92.2115384615 [ 0  2  4  6  8 10]
6 92.2115384615 [ 0  2  4  6  8 10]
6 92.2115384615 [ 0  2  4  6  8 10]
6 92.2115384615 [ 0  2  4  6  8 10]
6 92.2115384615 [ 0  2  4  6  8 10]
6 92.2115384615 [ 0  2  4  6  8 10]
6 92.2115384615 [ 0  2  4  6  8 10]
6 92.2115384615 [ 0  2  4  6  8 10]
6 92.2115384615 [ 0  2  4  6  8 10]
6 92.2115384615 [ 0  2  4  6  8 10]
6 92.2115384615 [ 0  2  4  6  8 10]
6 92.2115384615 [ 0  2  4  6  8 10]
6 92.2115384615 [ 0  2  4  6  8 10]
6 92.2115384615 [ 0  2  4  6  8 10]
6 92.2115384615 [ 0  2  4  6  8 10]
6 92.2115384615 [ 0  2  4  6  8 10]
6 92.2115384615 [ 0  2  4  6  8 10]
6 92.2115384615 [ 0  2  4  6  8 10]
6 92.2115384615 [ 0  2  4  6  8 10]
6 92.2115384615 [ 0  2  4  6  8 10]
1.0 1.0 1.0 0.0
03 exactly.dat     dims=13 trainset=  800/ 1000    feature_distribution =
[[ 6 20]]
10 84.5192307692 [0 1 2 3 4 5 6 7 8 9]
10 84.5192307692 [0 1 2 3 4 5 6 7 8 9]
10 84.5192307692 [0 1 2 3 4 5 6 7 8 9]
10 84.5192307692 [0 1 2 3 4 5 6 7 8 9]
10 84.5192307692 [0 1 2 3 4 5 6 7 8 9]
10 84.5192307692 [0 1 2 3 4 5 6 7 8 9]
10 84.5192307692 [0 1 2 3 4 5 6 7 8 9]
10 84.5192307692 [0 1 2 3 4 5 6 7 8 9]
10 84.5192307692 [0 1 2 3 4 5 6 7 8 9]
10 84.5192307692 [0 1 2 3 4 5 6 7 8 9]
10 84.5192307692 [0 1 2 3 4 5 6 7 8 9]
10 84.5192307692 [0 1 2 3 4 5 6 7 8 9]
10 84.5192307692 [0 1 2 3 4 5 6 7 8 9]
10 84.5192307692 [0 1 2 3 4 5 6 7 8 9]
10 84.5192307692 [0 1 2 3 4 5 6 7 8 9]
10 84.5192307692 [0 1 2 3 4 5 6 7 8 9]
10 84.5192307692 [0 1 2 3 4 5 6 7 8 9]
10 84.5192307692 [0 1 2 3 4 5 6 7 8 9]
10 84.5192307692 [0 1 2 3 4 5 6 7 8 9]
10 84.5192307692 [0 1 2 3 4 5 6 7 8 9]
0.694409809702 0.605403348554 0.775617842074 0.0470476264097
04 exactly2.dat    dims=13 trainset=  800/ 1000    feature_distribution =
[[10 20]]
6 92.2115384615 [0 2 3 4 6 7]
6 92.2115384615 [0 2 3 4 6 7]
6 92.2115384615 [0 2 3 4 6 7]
6 92.2115384615 [0 2 3 4 6 7]
6 92.2115384615 [0 2 3 4 6 7]
6 92.2115384615 [0 2 3 4 6 7]
6 92.2115384615 [0 2 3 4 6 7]
6 92.2115384615 [0 2 3 4 6 7]
6 92.2115384615 [0 2 3 4 6 7]
6 92.2115384615 [0 2 3 4 6 7]
6 92.2115384615 [0 2 3 4 6 7]
6 92.2115384615 [0 2 3 4 6 7]
6 92.2115384615 [0 2 3 4 6 7]
6 92.2115384615 [0 2 3 4 6 7]
6 92.2115384615 [0 2 3 4 6 7]
6 92.2115384615 [0 2 3 4 6 7]
6 92.2115384615 [0 2 3 4 6 7]
6 92.2115384615 [0 2 3 4 6 7]
6 92.2115384615 [0 2 3 4 6 7]
6 92.2115384615 [0 2 3 4 6 7]
0.680676699551 0.586834733894 0.819696969697 0.0612337839917
05 heart.dat       dims=13 trainset=  235/  294    feature_distribution =
[[ 6 20]]
5 98.5416666667 [0 1 2 3 4]
5 98.5416666667 [0 1 2 3 4]
5 98.5416666667 [0 1 2 3 4]
5 98.5416666667 [0 1 2 3 4]
5 98.5416666667 [0 1 2 3 4]
5 98.5416666667 [0 1 2 3 4]
5 98.5416666667 [0 1 2 3 4]
5 98.5416666667 [0 1 2 3 4]
5 98.5416666667 [0 1 2 3 4]
5 98.5416666667 [0 1 2 3 4]
5 98.5416666667 [0 1 2 3 4]
5 98.5416666667 [0 1 2 3 4]
5 98.5416666667 [0 1 2 3 4]
5 98.5416666667 [0 1 2 3 4]
5 98.5416666667 [0 1 2 3 4]
5 98.5416666667 [0 1 2 3 4]
5 98.5416666667 [0 1 2 3 4]
5 98.5416666667 [0 1 2 3 4]
5 98.5416666667 [0 1 2 3 4]
5 98.5416666667 [0 1 2 3 4]
1.0 1.0 1.0 0.0
06 led.dat         dims=24 trainset= 1600/ 2000    feature_distribution =
[[ 5 20]]
9 94.75 [ 0  4  6  8 13 16 19 20 21]
8 95.75 [ 0  1  8 11 13 16 19 23]
8 95.75 [ 0  3 13 14 16 18 22 24]
8 95.75 [ 0  4  6 11 12 18 19 23]
8 95.75 [ 0  2  6  9 11 18 19 24]
8 95.75 [ 0  4  6 11 12 18 19 21]
8 95.75 [ 0  3  8  9 11 16 21 24]
8 95.75 [ 0  3  4  6 11 18 19 21]
8 95.75 [ 0  1  4  6 11 18 19 24]
8 95.75 [ 0  2  4  6 11 18 19 21]
8 95.75 [ 0  3  9 11 16 18 19 24]
8 95.75 [ 0  2 10 13 16 18 19 22]
8 95.75 [ 0  3 10 13 16 18 19 21]
8 95.75 [ 0  1 13 16 18 19 20 24]
8 95.75 [ 0  1  4  6 11 18 19 21]
8 95.75 [ 0  4  6  9 11 18 19 21]
8 95.75 [ 0  3  6  8 13 19 20 23]
8 95.75 [ 0  1  4  8 11 16 19 22]
8 95.75 [ 0  4  5  6 11 18 19 21]
8 95.75 [ 0  3  8 10 13 16 19 23]
0.0 0.0 0.0 0.0
07 letters.dat     dims=25 trainset=   20/   26    feature_distribution =
[[ 8 19]
 [ 9  1]]
5 101.517857143 [ 0  6 15 20 29]
6 101.071428571 [ 4 11 13 14 38 44]
7 100.625 [ 4 15 23 36 48 52 54]
4 101.964285714 [ 3  8 41 54]
6 101.071428571 [10 14 18 29 35 36]
4 101.964285714 [ 8 14 42 52]
5 101.517857143 [12 20 28 41 52]
6 101.071428571 [ 0  8 27 28 29 35]
6 101.071428571 [ 7 11 20 26 41 53]
6 101.071428571 [ 4  5 15 20 25 34]
6 101.071428571 [13 29 32 44 47 54]
5 101.517857143 [ 6  8 33 35 53]
5 101.517857143 [ 2  8 12 41 48]
7 100.625 [ 0  2 19 21 31 34 45]
5 101.517857143 [ 0 10 13 42 53]
7 100.625 [ 5  8 29 31 33 50 54]
5 101.517857143 [ 3  6 16 28 32]
9 99.7321428571 [ 1  5  7  8 11 30 32 40 46]
5 101.517857143 [12 20 29 35 39]
6 101.071428571 [ 2  8 15 22 37 49]
0.869025974026 0.65 1.0 0.130286958542
08 lung.dat        dims=56 trainset=   25/   32    feature_distribution =
[[4 2]
 [5 7]
 [6 7]
 [7 3]
 [9 1]]
6 92.2115384615 [ 0  2  4  6  8 10]
6 92.2115384615 [ 0  2  4  6  8 10]
6 92.2115384615 [ 0  2  4  6  8 10]
6 92.2115384615 [ 0  2  4  6  8 10]
6 92.2115384615 [ 0  2  4  6  8 10]
6 92.2115384615 [ 0  2  4  6  8 10]
6 92.2115384615 [ 0  2  4  6  8 10]
6 92.2115384615 [ 0  2  4  6  8 10]
6 92.2115384615 [ 0  2  4  6  8 10]
6 92.2115384615 [ 0  2  4  6  8 10]
6 92.2115384615 [ 0  2  4  6  8 10]
6 92.2115384615 [ 0  2  4  6  8 10]
6 92.2115384615 [ 0  2  4  6  8 10]
6 92.2115384615 [ 0  2  4  6  8 10]
6 92.2115384615 [ 0  2  4  6  8 10]
6 92.2115384615 [ 0  2  4  6  8 10]
6 92.2115384615 [ 0  2  4  6  8 10]
6 92.2115384615 [ 0  2  4  6  8 10]
6 92.2115384615 [ 0  2  4  6  8 10]
6 92.2115384615 [ 0  2  4  6  8 10]
1.0 1.0 1.0 0.0
09 m-of-n.dat      dims=13 trainset=  800/ 1000    feature_distribution =
[[ 6 20]]
4 99.2045454545 [ 4 19 20 21]
4 99.2045454545 [ 4 10 14 21]
4 99.2045454545 [ 3  4 11 21]
4 99.2045454545 [ 2  3 10 19]
4 99.2045454545 [ 2  4 10 21]
4 99.2045454545 [ 4 14 20 21]
4 99.2045454545 [ 4 10 14 21]
4 99.2045454545 [ 3  7 10 19]
4 99.2045454545 [ 4 10 14 21]
4 99.2045454545 [ 3 10 17 19]
4 99.2045454545 [ 3 10 19 20]
4 99.2045454545 [ 3  6 10 19]
4 99.2045454545 [ 4 10 14 21]
4 99.2045454545 [ 4 10 18 21]
4 99.2045454545 [ 4 10 19 20]
4 99.2045454545 [ 3  6 10 19]
4 99.2045454545 [ 3  7 10 19]
4 99.2045454545 [ 4 14 20 21]
4 99.2045454545 [ 3  4 11 21]
5 98.0681818182 [ 3  4  5 11 21]
1.0 1.0 1.0 0.0
10 mushroom.dat    dims=22 trainset= 6499/ 8124    feature_distribution =
[[ 4 19]
 [ 5  1]]
4 100.892857143 [ 5 22 23 34]
2 102.321428571 [21 22]
3 101.607142857 [ 7 21 27]
3 101.607142857 [ 3  9 21]
2 102.321428571 [20 21]
3 101.607142857 [ 3  4 21]
2 102.321428571 [20 21]
3 101.607142857 [ 0 11 20]
2 102.321428571 [ 3 21]
3 101.607142857 [ 3 10 21]
2 102.321428571 [20 21]
3 101.607142857 [ 4 20 21]
2 102.321428571 [ 3 21]
3 101.607142857 [ 5 11 21]
4 100.892857143 [ 3 23 24 27]
3 101.607142857 [ 3 21 25]
2 102.321428571 [21 27]
2 102.321428571 [21 22]
2 102.321428571 [20 21]
3 101.607142857 [10 21 22]
1.0 1.0 1.0 0.0
11 soybean.dat     dims=35 trainset=   37/   47    feature_distribution =
[[2 9]
 [3 9]
 [4 2]]
8 91.25 [ 0  1  2  3  8 10 12 15]
5 88.4375 [ 2  3 10 12 15]
8 91.25 [ 0  1  2  3  8 10 12 15]
5 88.4375 [ 2  3 10 12 15]
8 91.25 [ 0  1  2  3  8 10 12 15]
5 88.4375 [ 2  3 10 12 15]
8 91.25 [ 0  1  2  3  8 10 12 15]
8 91.25 [ 0  1  2  3  8 10 12 15]
8 91.25 [ 0  1  2  3  8 10 12 15]
8 91.25 [ 0  1  2  3  8 10 12 15]
8 91.25 [ 0  1  2  3  8 10 12 15]
8 91.25 [ 0  1  2  3  8 10 12 15]
8 91.25 [ 0  1  2  3  8 10 12 15]
8 91.25 [ 0  1  2  3  8 10 12 15]
8 91.25 [ 0  1  2  3  8 10 12 15]
5 88.4375 [ 2  3 10 12 15]
8 91.25 [ 0  1  2  3  8 10 12 15]
8 91.25 [ 0  1  2  3  8 10 12 15]
8 91.25 [ 0  1  2  3  8 10 12 15]
8 91.25 [ 0  1  2  3  8 10 12 15]
0.922423059076 0.85 0.986111111111 0.0290062767127
12 vote.dat        dims=16 trainset=  240/  300    feature_distribution =
[[ 5  4]
 [ 8 16]]
