Feature selection on 11 UCI datasets to minimize feature count and maximize scores
10 0.1
10 0.1
11 0.11
10 0.1
11 0.11
10 0.1
11 0.11
11 0.11
11 0.11
9 0.09
10 0.1
10 0.1
10 0.1
10 0.1
12 0.12
11 0.11
11 0.11
10 0.1
8 0.08
11 0.11
00 derm2.dat       dims=34 trainset=  286/  358    feature_distribution =
[[ 8  1]
 [ 9  1]
 [10  9]
 [11  8]
 [12  1]]
10 0.1
7 0.07
7 0.07
5 0.05
7 0.07
10 0.1
8 0.08
7 0.07
8 0.08
10 0.1
6 0.06
6 0.06
7 0.07
8 0.08
9 0.09
8 0.08
10 0.1
7 0.07
8 0.08
11 0.11
01 lung.dat        dims=56 trainset=   25/   32    feature_distribution =
[[ 5  1]
 [ 6  2]
 [ 7  6]
 [ 8  5]
 [ 9  1]
 [10  4]
 [11  1]]
12 0.12
9 300.09
10 200.1
10 0.1
11 0.11
11 0.11
11 0.11
11 200.11
12 0.12
11 0.11
10 0.1
11 0.11
10 0.1
11 0.11
11 0.11
10 0.1
11 0.11
10 0.1
9 0.09
12 0.12
02 credit.dat      dims=20 trainset=  800/ 1000    feature_distribution =
[[ 9  2]
 [10  6]
 [11  9]
 [12  3]]
6 0.06
5 39950.05
6 19599.06
7 39950.07
4 39950.04
9 0.09
4 39449.04
7 0.07
6 0.06
6 0.06
1 88600.01
5 39950.05
5 39449.05
8 0.08
4 39950.04
7 0.07
7 0.07
6 0.06
14 0.14
5 39950.05
03 led.dat         dims=24 trainset= 1600/ 2000    feature_distribution =
[[ 1  1]
 [ 4  3]
 [ 5  4]
 [ 6  5]
 [ 7  4]
 [ 8  1]
 [ 9  1]
 [14  1]]
9 0.09
7 2000.07
5 7666.05
7 1333.07
8 666.08
10 666.1
10 0.1
4 20333.04
9 666.09
10 0.1
8 1333.08
8 0.08
8 1333.08
10 0.1
9 0.09
8 0.08
9 0.09
9 0.09
9 0.09
9 666.09
04 vote.dat        dims=16 trainset=  240/  300    feature_distribution =
[[ 4  1]
 [ 5  1]
 [ 7  2]
 [ 8  5]
 [ 9  7]
 [10  4]]
2 0.02
2 0.02
2 0.02
2 0.02
2 0.02
2 0.02
2 0.02
2 0.02
2 0.02
2 0.02
2 0.02
2 0.02
2 0.02
2 0.02
2 0.02
2 0.02
2 0.02
2 0.02
2 0.02
2 0.02
05 mocktest.dat    dims=03 trainset=    4/    6    feature_distribution =
[[ 2 20]]
1 100000.01
6 0.06
1 100000.01
7 0.07
1 100000.01
1 100000.01
1 100000.01
1 100000.01
1 100000.01
8 0.08
10 0.1
1 100000.01
2 100000.02
1 100000.01
1 100000.01
1 100000.01
1 100000.01
8 0.08
1 100000.01
1 100000.01
06 exactly.dat     dims=13 trainset=  800/ 1000    feature_distribution =
[[ 1 14]
 [ 2  1]
 [ 6  1]
 [ 7  1]
 [ 8  2]
 [10  1]]
8 0.08
7 0.07
7 0.07
5 680.05
6 0.06
7 0.07
7 0.07
6 680.06
6 0.06
6 0.06
6 0.06
7 0.07
7 0.07
6 0.06
7 0.07
7 680.07
7 0.07
7 0.07
5 1360.05
7 0.07
07 heart.dat       dims=13 trainset=  235/  294    feature_distribution =
[[ 5  2]
 [ 6  6]
 [ 7 11]
 [ 8  1]]
1 100000.01
1 100000.01
1 100000.01
9 0.09
1 100000.01
7 30100.07
1 100000.01
1 100000.01
1 100000.01
1 100000.01
1 100000.01
1 100000.01
6 0.06
1 100000.01
1 100000.01
1 100000.01
1 100000.01
6 81600.06
4 62000.04
1 100000.01
08 m-of-n.dat      dims=13 trainset=  800/ 1000    feature_distribution =
[[ 1 15]
 [ 4  1]
 [ 6  2]
 [ 7  1]
 [ 9  1]]
6 0.06
5 0.05
5 0.05
5 0.05
5 0.05
6 0.06
6 0.06
5 0.05
5 0.05
5 0.05
5 0.05
6 0.06
6 0.06
4 0.04
6 0.06
4 0.04
5 0.05
5 0.05
4 0.04
7 0.07
09 mushroom.dat    dims=22 trainset= 6499/ 8124    feature_distribution =
[[ 4  3]
 [ 5 10]
 [ 6  6]
 [ 7  1]]
1 100000.01
11 0.11
1 100000.01
1 100000.01
11 0.11
11 0.11
1 100000.01
1 100000.01
10 20499.1
1 100000.01
1 100000.01
10 0.1
1 100000.01
1 100000.01
11 0.11
1 100000.01
1 100000.01
1 100000.01
1 100000.01
1 100000.01
10 exactly2.dat    dims=13 trainset=  800/ 1000    feature_distribution =
[[ 1 14]
 [10  2]
 [11  4]]
11 0.11
12 0.12
7 0.07
11 0.11
10 0.1
9 0.09
6 0.06
8 0.08
9 0.09
9 0.09
8 0.08
11 0.11
8 0.08
11 0.11
8 0.08
7 0.07
9 0.09
10 0.1
7 0.07
8 0.08
11 derm.dat        dims=34 trainset=  292/  366    feature_distribution =
[[ 6  1]
 [ 7  3]
 [ 8  5]
 [ 9  4]
 [10  2]
 [11  4]
 [12  1]]
