Feature selection on 11 UCI datasets to minimize feature count and maximize scores
8 95.55
8 96.0
8 96.0
8 95.55
8 96.0
8 96.0
8 96.0
8 96.0
8 96.0
9 95.23
8 96.0
9 95.5
8 96.0
8 96.0
8 95.55
8 96.0
8 96.0
8 96.0
8 96.0
8 96.0
00 credit.dat      dims=20 trainset=  800/ 1000    feature_distribution =
[[ 8 18]
 [ 9  2]]
8 97.6470588235
6 98.2352941176
6 98.2352941176
7 97.9411764706
8 97.6470588235
7 97.9411764706
7 97.9411764706
6 98.2352941176
6 98.2352941176
7 97.9411764706
7 97.9411764706
6 98.2352941176
7 97.9411764706
7 97.9411764706
6 98.2352941176
7 97.9411764706
6 98.2352941176
8 97.6470588235
6 98.2352941176
8 97.6470588235
01 derm.dat        dims=34 trainset=  292/  366    feature_distribution =
[[6 8]
 [7 8]
 [8 4]]
8 97.6470588235
10 97.0588235294
8 97.6470588235
8 97.6470588235
9 97.3529411765
8 97.6470588235
9 97.3529411765
9 97.3529411765
9 97.3529411765
9 97.3529411765
10 97.0588235294
9 97.3529411765
10 97.0588235294
9 97.3529411765
9 97.3529411765
9 97.3529411765
8 97.6470588235
8 97.6470588235
9 97.3529411765
10 97.0588235294
02 derm2.dat       dims=34 trainset=  286/  358    feature_distribution =
[[ 8  6]
 [ 9 10]
 [10  4]]
1 9.23076923077
1 9.23076923077
1 9.23076923077
1 9.23076923077
1 9.23076923077
6 95.3846153846
1 9.23076923077
1 9.23076923077
6 95.3846153846
1 9.23076923077
1 9.23076923077
1 9.23076923077
1 9.23076923077
1 9.23076923077
6 95.3846153846
1 9.23076923077
1 9.23076923077
1 9.23076923077
1 9.23076923077
1 9.23076923077
03 exactly.dat     dims=13 trainset=  800/ 1000    feature_distribution =
[[ 1 17]
 [ 6  3]]
1 9.23076923077
1 9.23076923077
1 9.23076923077
1 9.23076923077
1 9.23076923077
10 92.3076923077
1 9.23076923077
1 9.23076923077
10 92.3076923077
10 92.3076923077
10 92.3076923077
1 9.23076923077
10 92.3076923077
1 9.23076923077
1 9.23076923077
10 92.3076923077
1 9.23076923077
1 9.23076923077
1 9.23076923077
10 92.3076923077
04 exactly2.dat    dims=13 trainset=  800/ 1000    feature_distribution =
[[ 1 13]
 [10  7]]
5 95.5416012559
5 95.5416012559
5 95.5416012559
5 95.5416012559
5 95.5416012559
5 95.5416012559
5 95.5416012559
5 95.5416012559
5 95.5416012559
5 95.5416012559
5 95.5416012559
5 95.5416012559
5 95.5416012559
5 95.5416012559
5 95.5416012559
5 95.5416012559
5 95.5416012559
5 95.5416012559
5 95.5416012559
5 95.5416012559
05 heart.dat       dims=13 trainset=  235/  294    feature_distribution =
[[ 5 20]]
5 97.9166666667
6 97.5
5 97.9166666667
5 97.9166666667
5 97.9166666667
5 97.9166666667
5 97.9166666667
5 97.9166666667
5 97.9166666667
5 97.9166666667
5 97.9166666667
5 97.9166666667
5 97.9166666667
5 97.9166666667
5 97.9166666667
5 97.9166666667
5 97.9166666667
5 97.9166666667
5 97.9166666667
5 97.9166666667
06 led.dat         dims=24 trainset= 1600/ 2000    feature_distribution =
[[ 5 19]
 [ 6  1]]
8 96.8
8 96.8
8 96.8
8 96.8
8 96.8
9 96.4
9 96.4
8 96.8
9 96.4
9 96.4
8 96.8
9 96.4
8 96.8
8 96.8
8 96.8
8 96.8
8 96.8
9 96.4
9 96.4
8 96.8
07 letters.dat     dims=25 trainset=   20/   26    feature_distribution =
[[ 8 13]
 [ 9  7]]
7 98.75
10 98.2142857143
6 98.9285714286
5 99.1071428571
8 98.5714285714
7 98.75
6 98.9285714286
6 98.9285714286
7 98.75
6 98.9285714286
7 98.75
6 98.9285714286
7 98.75
5 99.1071428571
8 98.5714285714
5 99.1071428571
6 98.9285714286
6 98.9285714286
7 98.75
6 98.9285714286
08 lung.dat        dims=56 trainset=   25/   32    feature_distribution =
[[ 5  3]
 [ 6  8]
 [ 7  6]
 [ 8  2]
 [10  1]]
6 95.3846153846
1 9.23076923077
7 94.6153846154
6 95.3846153846
3 16.5123076923
6 95.3846153846
6 95.3846153846
6 95.3846153846
6 95.3846153846
6 95.3846153846
6 95.3846153846
6 95.3846153846
6 95.3846153846
7 94.6153846154
6 95.3846153846
6 95.3846153846
6 95.3846153846
6 95.3846153846
6 95.3846153846
6 95.3846153846
09 m-of-n.dat      dims=13 trainset=  800/ 1000    feature_distribution =
[[ 1  1]
 [ 3  1]
 [ 6 16]
 [ 7  2]]
4 98.1818181818
4 98.1818181818
4 98.1818181818
4 98.1818181818
4 98.1818181818
4 98.1818181818
4 98.1818181818
4 98.1818181818
4 98.1818181818
4 98.1818181818
4 98.1818181818
4 98.1818181818
4 98.1818181818
4 98.1818181818
4 98.1818181818
4 98.1818181818
4 98.1818181818
4 98.1818181818
4 98.1818181818
4 98.1818181818
10 mushroom.dat    dims=22 trainset= 6499/ 8124    feature_distribution =
[[ 4 20]]
8 95.0
8 95.0
8 95.0
8 95.0
8 95.0
8 95.0
8 95.0
8 95.0
8 95.0
8 95.0
8 95.0
8 95.0
8 95.0
8 95.0
8 95.0
8 95.0
8 95.0
8 95.0
8 95.0
8 95.0
11 vote.dat        dims=16 trainset=  240/  300    feature_distribution =
[[ 8 20]]
