Feature selection on 11 UCI datasets to minimize feature count and maximize scores
8 93.75 [ 0  3  4  6  8 11 12 15]
8 93.75 [ 0  3  4  6  8 11 12 15]
8 93.75 [ 0  3  4  6  8 11 12 15]
8 93.75 [ 0  3  4  6  8 11 12 15]
8 93.75 [ 0  3  4  6  8 11 12 15]
8 93.75 [ 0  3  4  6  8 11 12 15]
8 93.75 [ 0  3  4  6  8 11 12 15]
8 93.75 [ 0  3  4  6  8 11 12 15]
8 93.75 [ 0  3  4  6  8 11 12 15]
8 93.75 [ 0  3  4  6  8 11 12 15]
8 93.75 [ 0  3  4  6  8 11 12 15]
8 93.75 [ 0  3  4  6  8 11 12 15]
8 93.75 [ 0  3  4  6  8 11 12 15]
8 93.75 [ 0  3  4  6  8 11 12 15]
8 93.75 [ 0  3  4  6  8 11 12 15]
8 93.75 [ 0  3  4  6  8 11 12 15]
8 93.75 [ 0  3  4  6  8 11 12 15]
8 93.75 [ 0  3  4  6  8 11 12 15]
8 93.75 [ 0  3  4  6  8 11 12 15]
8 93.75 [ 0  3  4  6  8 11 12 15]
0.581316601484 0.505980960839 0.642104043564 0.0338522092778
00 credit.dat      dims=20 trainset=  800/ 1000    feature_distribution =
[[ 8 20]]
6 99.3382352941 [ 0  1  3 11 15 33]
6 99.3382352941 [ 3  4 18 20 31 33]
6 99.3382352941 [ 2  3  4 18 20 33]
6 99.3382352941 [ 1  2 15 18 27 33]
6 99.3382352941 [ 1  3 15 31 32 33]
6 99.3382352941 [ 3  4 14 15 18 33]
6 99.3382352941 [ 3 15 16 18 27 33]
6 99.3382352941 [ 1  3  4 18 21 33]
6 99.3382352941 [ 3 13 14 15 31 33]
6 99.3382352941 [ 0  3 13 20 32 33]
6 99.3382352941 [ 3  4 18 20 24 33]
6 99.3382352941 [ 0  1  3 13 15 33]
6 99.3382352941 [ 3  4  5 18 20 33]
6 99.3382352941 [ 2 13 15 27 31 33]
6 99.3382352941 [ 1  3 15 26 31 33]
6 99.3382352941 [ 0  3 13 15 32 33]
6 99.3382352941 [ 0  2  3 15 31 33]
6 99.3382352941 [ 2  3 15 20 31 33]
6 99.3382352941 [ 0  3  5 13 15 33]
6 99.3382352941 [ 1  3  4 18 20 33]
0.732260184222 0.59898989899 0.854656862745 0.04919092149
01 derm.dat        dims=34 trainset=  292/  366    feature_distribution =
[[ 6 20]]
8 97.8676470588 [ 3  4 12 14 15 26 27 33]
8 97.8676470588 [ 0  4 15 18 21 27 31 33]
8 97.8676470588 [ 1  3  4 13 20 27 31 33]
8 97.8676470588 [ 1  4  5 14 15 17 27 33]
8 97.8676470588 [ 0  3  4 13 15 19 27 33]
8 97.8676470588 [ 3  4  5 12 14 15 27 33]
8 97.8676470588 [ 1  4 14 15 17 26 27 33]
8 97.8676470588 [ 1  2  3  8 15 16 18 27]
8 97.8676470588 [ 1  3  4 13 20 27 31 33]
8 97.8676470588 [ 2  4 13 14 16 27 32 33]
8 97.8676470588 [ 3  4 12 14 15 27 28 33]
8 97.8676470588 [ 1  2  3  8 15 16 18 27]
8 97.8676470588 [ 3  4 13 18 24 25 27 33]
9 97.1323529412 [ 0  2  3  9 13 15 27 31 33]
8 97.8676470588 [ 2  4 14 15 17 24 27 33]
8 97.8676470588 [ 0  4 15 18 21 27 31 33]
8 97.8676470588 [ 2  4 13 14 18 26 27 33]
8 97.8676470588 [ 0  4 15 18 19 27 31 33]
8 97.8676470588 [ 2  3  4 13 17 20 27 33]
8 97.8676470588 [ 2  4 13 14 18 26 27 33]
0.863768768476 0.783311287478 0.923032407407 0.0385157747238
02 derm2.dat       dims=34 trainset=  286/  358    feature_distribution =
[[ 8 19]
 [ 9  1]]
6 92.2115384615 [ 0  2  4  6  8 10]
6 92.2115384615 [ 0  2  4  6  8 10]
6 92.2115384615 [ 0  2  4  6  8 10]
6 92.2115384615 [ 0  2  4  6  8 10]
6 92.2115384615 [ 0  2  4  6  8 10]
6 92.2115384615 [ 0  2  4  6  8 10]
6 92.2115384615 [ 0  2  4  6  8 10]
6 92.2115384615 [ 0  2  4  6  8 10]
6 92.2115384615 [ 0  2  4  6  8 10]
6 92.2115384615 [ 0  2  4  6  8 10]
6 92.2115384615 [ 0  2  4  6  8 10]
6 92.2115384615 [ 0  2  4  6  8 10]
6 92.2115384615 [ 0  2  4  6  8 10]
6 92.2115384615 [ 0  2  4  6  8 10]
6 92.2115384615 [ 0  2  4  6  8 10]
6 92.2115384615 [ 0  2  4  6  8 10]
6 92.2115384615 [ 0  2  4  6  8 10]
6 92.2115384615 [ 0  2  4  6  8 10]
6 92.2115384615 [ 0  2  4  6  8 10]
6 92.2115384615 [ 0  2  4  6  8 10]
1.0 1.0 1.0 0.0
03 exactly.dat     dims=13 trainset=  800/ 1000    feature_distribution =
[[ 6 20]]
10 84.5192307692 [0 1 2 3 4 5 6 7 8 9]
10 84.5192307692 [0 1 2 3 4 5 6 7 8 9]
10 84.5192307692 [0 1 2 3 4 5 6 7 8 9]
10 84.5192307692 [0 1 2 3 4 5 6 7 8 9]
10 84.5192307692 [0 1 2 3 4 5 6 7 8 9]
10 84.5192307692 [0 1 2 3 4 5 6 7 8 9]
10 84.5192307692 [0 1 2 3 4 5 6 7 8 9]
10 84.5192307692 [0 1 2 3 4 5 6 7 8 9]
10 84.5192307692 [0 1 2 3 4 5 6 7 8 9]
10 84.5192307692 [0 1 2 3 4 5 6 7 8 9]
10 84.5192307692 [0 1 2 3 4 5 6 7 8 9]
10 84.5192307692 [0 1 2 3 4 5 6 7 8 9]
10 84.5192307692 [0 1 2 3 4 5 6 7 8 9]
10 84.5192307692 [0 1 2 3 4 5 6 7 8 9]
10 84.5192307692 [0 1 2 3 4 5 6 7 8 9]
10 84.5192307692 [0 1 2 3 4 5 6 7 8 9]
10 84.5192307692 [0 1 2 3 4 5 6 7 8 9]
10 84.5192307692 [0 1 2 3 4 5 6 7 8 9]
10 84.5192307692 [0 1 2 3 4 5 6 7 8 9]
10 84.5192307692 [0 1 2 3 4 5 6 7 8 9]
0.709164011738 0.628571428571 0.77486437613 0.0375514391279
04 exactly2.dat    dims=13 trainset=  800/ 1000    feature_distribution =
[[10 20]]
6 92.2115384615 [0 2 3 4 6 7]
6 92.2115384615 [0 2 3 4 6 7]
6 92.2115384615 [0 2 3 4 6 7]
6 92.2115384615 [0 2 3 4 6 7]
6 92.2115384615 [0 2 3 4 6 7]
6 92.2115384615 [0 2 3 4 6 7]
4 90.7770800628 [0 3 4 7]
6 92.2115384615 [0 2 3 4 6 7]
6 92.2115384615 [0 2 3 4 6 7]
6 92.2115384615 [0 2 3 4 6 7]
6 92.2115384615 [0 2 3 4 6 7]
6 92.2115384615 [0 2 3 4 6 7]
6 92.2115384615 [0 2 3 4 6 7]
6 92.2115384615 [0 2 3 4 6 7]
6 92.2115384615 [0 2 3 4 6 7]
6 92.2115384615 [0 2 3 4 6 7]
6 92.2115384615 [0 2 3 4 6 7]
6 92.2115384615 [0 2 3 4 6 7]
6 92.2115384615 [0 2 3 4 6 7]
6 92.2115384615 [0 2 3 4 6 7]
0.693663905783 0.632832080201 0.842063492063 0.0526702425764
05 heart.dat       dims=13 trainset=  235/  294    feature_distribution =
[[ 4  1]
 [ 6 19]]
5 98.5416666667 [0 1 2 3 4]
5 98.5416666667 [0 1 2 3 4]
5 98.5416666667 [0 1 2 3 4]
5 98.5416666667 [0 1 2 3 4]
5 98.5416666667 [0 1 2 3 4]
5 98.5416666667 [0 1 2 3 4]
5 98.5416666667 [0 1 2 3 4]
5 98.5416666667 [0 1 2 3 4]
5 98.5416666667 [0 1 2 3 4]
5 98.5416666667 [0 1 2 3 4]
5 98.5416666667 [0 1 2 3 4]
5 98.5416666667 [0 1 2 3 4]
5 98.5416666667 [0 1 2 3 4]
5 98.5416666667 [0 1 2 3 4]
5 98.5416666667 [0 1 2 3 4]
5 98.5416666667 [0 1 2 3 4]
5 98.5416666667 [0 1 2 3 4]
5 98.5416666667 [0 1 2 3 4]
5 98.5416666667 [0 1 2 3 4]
5 98.5416666667 [0 1 2 3 4]
1.0 1.0 1.0 0.0
06 led.dat         dims=24 trainset= 1600/ 2000    feature_distribution =
[[ 5 20]]
8 95.75 [ 0  2  4  6  8 11 19 24]
8 95.75 [ 0  3  6  9 11 18 23 24]
8 95.75 [ 0  4  6 10 14 18 19 23]
8 95.75 [ 0  4  6  8  9 11 21 24]
8 95.75 [ 0  4  8 11 12 16 21 24]
8 95.75 [ 0  2  9 11 16 18 19 21]
8 95.75 [ 0  4  6  9 11 18 23 24]
8 95.75 [ 0  3  6  9 11 18 19 23]
8 95.75 [ 0  3 13 14 16 18 22 24]
8 95.75 [ 0  2  6  9 11 18 19 24]
8 95.75 [ 0  4  5  6 11 18 21 24]
8 95.75 [ 0  4  6 11 13 18 19 23]
8 95.75 [ 0  2  9 11 16 18 19 24]
8 95.75 [ 0  3  4  8 11 16 19 24]
8 95.75 [ 0  3  4  8 11 16 19 22]
8 95.75 [ 0  4  5  6 11 18 19 24]
8 95.75 [ 0  3  6  8  9 11 23 24]
8 95.75 [ 0  4  8 10 13 16 19 22]
8 95.75 [ 0  3  4  8 11 16 19 22]
8 95.75 [ 0  4  8 11 13 16 19 21]
0.0 0.0 0.0 0.0
07 letters.dat     dims=25 trainset=   20/   26    feature_distribution =
[[ 8 20]]
4 101.964285714 [ 2  3  8 52]
4 101.964285714 [ 8 13 26 34]
4 101.964285714 [ 0  3  6 41]
4 101.964285714 [ 0 13 26 32]
4 101.964285714 [ 2  4  8 34]
4 101.964285714 [ 8 14 31 35]
4 101.964285714 [ 2  8 22 42]
4 101.964285714 [ 3 28 34 41]
4 101.964285714 [ 3  8 26 34]
4 101.964285714 [ 3 15 32 54]
4 101.964285714 [ 8 31 34 37]
4 101.964285714 [ 0  6 25 32]
4 101.964285714 [ 0  3 13 29]
4 101.964285714 [ 7 11 26 32]
4 101.964285714 [ 8 26 34 35]
4 101.964285714 [ 0 13 32 34]
4 101.964285714 [ 0  8 42 54]
4 101.964285714 [ 0 20 31 42]
4 101.964285714 [ 2  6  8 42]
4 101.964285714 [ 8 12 34 35]
0.630602268102 0.285714285714 0.916666666667 0.181662506776
08 lung.dat        dims=56 trainset=   25/   32    feature_distribution =
[[ 4 20]]
6 92.2115384615 [ 0  2  4  6  8 10]
6 92.2115384615 [ 0  2  4  6  8 10]
6 92.2115384615 [ 0  2  4  6  8 10]
6 92.2115384615 [ 0  2  4  6  8 10]
6 92.2115384615 [ 0  2  4  6  8 10]
6 92.2115384615 [ 0  2  4  6  8 10]
6 92.2115384615 [ 0  2  4  6  8 10]
6 92.2115384615 [ 0  2  4  6  8 10]
6 92.2115384615 [ 0  2  4  6  8 10]
6 92.2115384615 [ 0  2  4  6  8 10]
6 92.2115384615 [ 0  2  4  6  8 10]
6 92.2115384615 [ 0  2  4  6  8 10]
6 92.2115384615 [ 0  2  4  6  8 10]
6 92.2115384615 [ 0  2  4  6  8 10]
6 92.2115384615 [ 0  2  4  6  8 10]
6 92.2115384615 [ 0  2  4  6  8 10]
6 92.2115384615 [ 0  2  4  6  8 10]
6 92.2115384615 [ 0  2  4  6  8 10]
6 92.2115384615 [ 0  2  4  6  8 10]
6 92.2115384615 [ 0  2  4  6  8 10]
1.0 1.0 1.0 0.0
09 m-of-n.dat      dims=13 trainset=  800/ 1000    feature_distribution =
[[ 6 20]]
4 99.2045454545 [ 3  7 10 19]
4 99.2045454545 [ 4 10 14 21]
4 99.2045454545 [ 3 10 19 20]
4 99.2045454545 [ 3  6 10 19]
4 99.2045454545 [ 3 10 19 20]
4 99.2045454545 [ 4 19 20 21]
4 99.2045454545 [ 3 10 19 21]
4 99.2045454545 [ 4 14 20 21]
4 99.2045454545 [ 4 10 14 21]
4 99.2045454545 [ 3  7 10 19]
4 99.2045454545 [ 3  7 10 19]
4 99.2045454545 [ 3 10 19 21]
4 99.2045454545 [ 3 10 19 20]
4 99.2045454545 [ 3 10 19 21]
4 99.2045454545 [ 4 10 14 21]
4 99.2045454545 [ 4 10 19 20]
4 99.2045454545 [ 2  3 10 19]
4 99.2045454545 [ 3  4 11 21]
4 99.2045454545 [ 3  6 10 19]
4 99.2045454545 [ 4 10 14 21]
1.0 1.0 1.0 0.0
10 mushroom.dat    dims=22 trainset= 6499/ 8124    feature_distribution =
[[ 4 20]]
2 102.321428571 [21 27]
2 102.321428571 [20 21]
2 102.321428571 [20 21]
2 102.321428571 [21 22]
2 102.321428571 [20 21]
2 102.321428571 [20 21]
2 102.321428571 [21 27]
2 102.321428571 [21 27]
2 102.321428571 [20 21]
2 102.321428571 [21 27]
2 102.321428571 [20 21]
2 102.321428571 [21 27]
2 102.321428571 [21 22]
2 102.321428571 [21 27]
2 102.321428571 [20 21]
2 102.321428571 [21 22]
2 102.321428571 [20 21]
2 102.321428571 [21 27]
2 102.321428571 [20 21]
2 102.321428571 [21 22]
1.0 1.0 1.0 0.0
11 soybean.dat     dims=35 trainset=   37/   47    feature_distribution =
[[ 2 20]]
8 91.25 [ 0  1  2  3  8 10 12 15]
8 91.25 [ 0  1  2  3  8 10 12 15]
8 91.25 [ 0  1  2  3  8 10 12 15]
8 91.25 [ 0  1  2  3  8 10 12 15]
8 91.25 [ 0  1  2  3  8 10 12 15]
8 91.25 [ 0  1  2  3  8 10 12 15]
8 91.25 [ 0  1  2  3  8 10 12 15]
8 91.25 [ 0  1  2  3  8 10 12 15]
8 91.25 [ 0  1  2  3  8 10 12 15]
8 91.25 [ 0  1  2  3  8 10 12 15]
8 91.25 [ 0  1  2  3  8 10 12 15]
8 91.25 [ 0  1  2  3  8 10 12 15]
5 88.4375 [ 2  3 10 12 15]
8 91.25 [ 0  1  2  3  8 10 12 15]
8 91.25 [ 0  1  2  3  8 10 12 15]
8 91.25 [ 0  1  2  3  8 10 12 15]
8 91.25 [ 0  1  2  3  8 10 12 15]
5 88.4375 [ 2  3 10 12 15]
8 91.25 [ 0  1  2  3  8 10 12 15]
8 91.25 [ 0  1  2  3  8 10 12 15]
0.927248183806 0.85347985348 0.969696969697 0.0305345733138
12 vote.dat        dims=16 trainset=  240/  300    feature_distribution =
[[ 5  2]
 [ 8 18]]
