Feature selection on 11 UCI datasets to minimize feature count and maximize scores
8 93.75 [ 0  3  4  6  8 11 12 15]
8 89.625 [ 0  1  2  3  4  7 11 12]
8 93.75 [ 0  3  4  6  8 11 12 15]
8 93.75 [ 0  3  4  6  8 11 12 15]
8 93.75 [ 0  3  4  6  8 11 12 15]
8 93.75 [ 0  3  4  6  8 11 12 15]
8 93.75 [ 0  3  4  6  8 11 12 15]
8 93.75 [ 0  3  4  6  8 11 12 15]
8 93.75 [ 0  3  4  6  8 11 12 15]
8 93.75 [ 0  3  4  6  8 11 12 15]
8 93.75 [ 0  3  4  6  8 11 12 15]
8 93.75 [ 0  3  4  6  8 11 12 15]
8 93.75 [ 0  3  4  6  8 11 12 15]
8 93.75 [ 0  3  4  6  8 11 12 15]
8 93.75 [ 0  3  4  6  8 11 12 15]
8 93.75 [ 0  3  4  6  8 11 12 15]
8 93.75 [ 0  3  4  6  8 11 12 15]
8 93.75 [ 0  3  4  6  8 11 12 15]
8 93.75 [ 0  3  4  6  8 11 12 15]
8 93.75 [ 0  3  4  6  8 11 12 15]
0.578253562394 0.520804114072 0.673596673597 0.0375465529291
00 credit.dat      dims=20 trainset=  800/ 1000    feature_distribution =
[[ 8 20]]
6 99.3382352941 [ 2  3  4 20 31 33]
6 99.3382352941 [ 0  1  3 15 32 33]
6 99.3382352941 [ 1  3 13 15 31 33]
6 99.3382352941 [ 0  1  3 15 32 33]
6 99.3382352941 [ 3 15 18 21 27 33]
6 99.3382352941 [ 2  3 15 20 31 33]
6 99.3382352941 [ 1  3 15 18 31 33]
6 99.3382352941 [ 0  1  3 15 24 33]
6 99.3382352941 [ 1  3  4 15 18 33]
6 99.3382352941 [ 0  3 13 20 24 33]
6 99.3382352941 [ 3  4 18 20 31 33]
6 99.3382352941 [ 0  3 11 13 15 33]
6 99.3382352941 [ 0  3 15 18 24 33]
6 99.3382352941 [ 0  3 15 18 25 33]
6 99.3382352941 [ 1  3 15 28 31 33]
6 99.3382352941 [ 0  2  3 15 31 33]
6 99.3382352941 [ 0  3 13 15 32 33]
6 99.3382352941 [ 2  3 15 18 31 33]
6 99.3382352941 [ 1  3 15 18 28 33]
6 99.3382352941 [ 1  3 15 28 31 33]
0.621969138886 0.505039282882 0.696174242424 0.055822030249
01 derm.dat        dims=34 trainset=  292/  366    feature_distribution =
[[ 6 20]]
8 97.8676470588 [ 1  4  7 14 15 17 27 33]
8 97.8676470588 [ 0  3  4 13 15 25 27 33]
8 97.8676470588 [ 2  4 13 14 18 27 28 33]
8 97.8676470588 [ 0  3  4 13 15 19 27 33]
8 97.8676470588 [ 1  2  3  8 15 16 18 27]
8 97.8676470588 [ 2  4 14 15 18 26 27 33]
8 97.8676470588 [ 2  4 14 15 18 27 28 33]
8 97.8676470588 [ 0  4 15 18 21 27 31 33]
8 97.8676470588 [ 3  4 11 12 14 15 27 33]
9 97.1323529412 [ 2  3  4  8 18 20 25 27 32]
9 97.1323529412 [ 3  4 12 14 15 16 24 27 33]
8 97.8676470588 [ 1  2  3  8 15 16 18 27]
8 97.8676470588 [ 0  4 15 18 21 27 31 33]
8 97.8676470588 [ 1  3  4 13 20 27 31 33]
8 97.8676470588 [ 1  2  3  8 15 16 18 27]
8 97.8676470588 [ 1  4 14 15 17 27 32 33]
8 97.8676470588 [ 1  2  3  8 15 16 18 27]
8 97.8676470588 [ 3  4  5  8 14 15 17 33]
8 97.8676470588 [ 2  4 13 14 18 27 28 33]
8 97.8676470588 [ 2  4  5 14 15 17 27 33]
0.871451453459 0.731233907704 0.954761904762 0.0593258467331
02 derm2.dat       dims=34 trainset=  286/  358    feature_distribution =
[[ 8 18]
 [ 9  2]]
6 92.2115384615 [ 0  2  4  6  8 10]
6 92.2115384615 [ 0  2  4  6  8 10]
6 92.2115384615 [ 0  2  4  6  8 10]
6 92.2115384615 [ 0  2  4  6  8 10]
6 92.2115384615 [ 0  2  4  6  8 10]
6 92.2115384615 [ 0  2  4  6  8 10]
6 92.2115384615 [ 0  2  4  6  8 10]
6 92.2115384615 [ 0  2  4  6  8 10]
6 92.2115384615 [ 0  2  4  6  8 10]
6 92.2115384615 [ 0  2  4  6  8 10]
6 92.2115384615 [ 0  2  4  6  8 10]
6 92.2115384615 [ 0  2  4  6  8 10]
6 92.2115384615 [ 0  2  4  6  8 10]
6 92.2115384615 [ 0  2  4  6  8 10]
6 92.2115384615 [ 0  2  4  6  8 10]
6 92.2115384615 [ 0  2  4  6  8 10]
6 92.2115384615 [ 0  2  4  6  8 10]
6 92.2115384615 [ 0  2  4  6  8 10]
6 92.2115384615 [ 0  2  4  6  8 10]
6 92.2115384615 [ 0  2  4  6  8 10]
1.0 1.0 1.0 0.0
03 exactly.dat     dims=13 trainset=  800/ 1000    feature_distribution =
[[ 6 20]]
10 84.5192307692 [0 1 2 3 4 5 6 7 8 9]
10 84.5192307692 [0 1 2 3 4 5 6 7 8 9]
10 84.5192307692 [0 1 2 3 4 5 6 7 8 9]
10 84.5192307692 [0 1 2 3 4 5 6 7 8 9]
10 84.5192307692 [0 1 2 3 4 5 6 7 8 9]
10 84.5192307692 [0 1 2 3 4 5 6 7 8 9]
10 84.5192307692 [0 1 2 3 4 5 6 7 8 9]
10 84.5192307692 [0 1 2 3 4 5 6 7 8 9]
10 84.5192307692 [0 1 2 3 4 5 6 7 8 9]
10 84.5192307692 [0 1 2 3 4 5 6 7 8 9]
10 84.5192307692 [0 1 2 3 4 5 6 7 8 9]
10 84.5192307692 [0 1 2 3 4 5 6 7 8 9]
10 84.5192307692 [0 1 2 3 4 5 6 7 8 9]
10 84.5192307692 [0 1 2 3 4 5 6 7 8 9]
10 84.5192307692 [0 1 2 3 4 5 6 7 8 9]
10 84.5192307692 [0 1 2 3 4 5 6 7 8 9]
10 84.5192307692 [0 1 2 3 4 5 6 7 8 9]
10 84.5192307692 [0 1 2 3 4 5 6 7 8 9]
10 84.5192307692 [0 1 2 3 4 5 6 7 8 9]
10 84.5192307692 [0 1 2 3 4 5 6 7 8 9]
0.701344744024 0.646381578947 0.76 0.0347377491685
04 exactly2.dat    dims=13 trainset=  800/ 1000    feature_distribution =
[[10 20]]
6 92.2115384615 [0 2 3 4 6 7]
6 92.2115384615 [0 2 3 4 6 7]
6 92.2115384615 [0 2 3 4 6 7]
6 92.2115384615 [0 2 3 4 6 7]
6 92.2115384615 [0 2 3 4 6 7]
6 92.2115384615 [0 2 3 4 6 7]
6 92.2115384615 [0 2 3 4 6 7]
6 92.2115384615 [0 2 3 4 6 7]
6 92.2115384615 [0 2 3 4 6 7]
6 92.2115384615 [0 2 3 4 6 7]
6 92.2115384615 [0 2 3 4 6 7]
6 92.2115384615 [0 2 3 4 6 7]
6 92.2115384615 [0 2 3 4 6 7]
6 92.2115384615 [0 2 3 4 6 7]
6 92.2115384615 [0 2 3 4 6 7]
6 92.2115384615 [0 2 3 4 6 7]
6 92.2115384615 [0 2 3 4 6 7]
6 92.2115384615 [0 2 3 4 6 7]
6 92.2115384615 [0 2 3 4 6 7]
6 92.2115384615 [0 2 3 4 6 7]
0.63730432401 0.522619047619 0.708333333333 0.0530036960427
05 heart.dat       dims=13 trainset=  235/  294    feature_distribution =
[[ 6 20]]
5 98.5416666667 [0 1 2 3 4]
5 98.5416666667 [0 1 2 3 4]
5 98.5416666667 [0 1 2 3 4]
5 98.5416666667 [0 1 2 3 4]
5 98.5416666667 [0 1 2 3 4]
5 98.5416666667 [0 1 2 3 4]
5 98.5416666667 [0 1 2 3 4]
5 98.5416666667 [0 1 2 3 4]
5 98.5416666667 [0 1 2 3 4]
5 98.5416666667 [0 1 2 3 4]
5 98.5416666667 [0 1 2 3 4]
5 98.5416666667 [0 1 2 3 4]
5 98.5416666667 [0 1 2 3 4]
5 98.5416666667 [0 1 2 3 4]
5 98.5416666667 [0 1 2 3 4]
5 98.5416666667 [0 1 2 3 4]
5 98.5416666667 [0 1 2 3 4]
5 98.5416666667 [0 1 2 3 4]
5 98.5416666667 [0 1 2 3 4]
5 98.5416666667 [0 1 2 3 4]
1.0 1.0 1.0 0.0
06 led.dat         dims=24 trainset= 1600/ 2000    feature_distribution =
[[ 5 20]]
8 95.75 [ 0  4  6  9 11 18 23 24]
8 95.75 [ 0  2 10 13 16 18 19 24]
8 95.75 [ 0  3  6 10 13 18 19 24]
8 95.75 [ 0  4  6 10 11 18 21 24]
8 95.75 [ 0  2  4  8 11 16 21 24]
8 95.75 [ 0  4  5  8 11 16 19 21]
8 95.75 [ 0  3  4  8 11 16 22 24]
8 95.75 [ 0  3 10 13 16 18 19 24]
8 95.75 [ 0  1  9 11 16 18 19 21]
8 95.75 [ 0  4  6 11 12 18 19 24]
8 95.75 [ 0  4  5  8 11 16 19 23]
8 95.75 [ 0  1  6  9 11 18 19 21]
8 95.75 [ 0  4  6  9 11 18 21 24]
8 95.75 [ 0  2  6  8 10 13 23 24]
8 95.75 [ 0  4  8 11 13 16 21 24]
8 95.75 [ 0  2  6  8  9 11 19 24]
8 95.75 [ 0  4  8 13 14 16 22 24]
8 95.75 [ 0  4  6  9 11 18 23 24]
8 95.75 [ 0  3  9 11 16 18 22 24]
8 95.75 [ 0  4  8 11 13 16 19 21]
0.0 0.0 0.0 0.0
07 letters.dat     dims=25 trainset=   20/   26    feature_distribution =
[[ 8 20]]
4 101.964285714 [ 2  3  8 42]
4 101.964285714 [ 8 14 46 53]
4 101.964285714 [ 6 13 33 54]
4 101.964285714 [ 2  8 14 46]
4 101.964285714 [ 0 13 15 42]
4 101.964285714 [ 8 10 31 54]
4 101.964285714 [ 0  6 41 49]
4 101.964285714 [0 4 6 7]
4 101.964285714 [ 3  8 34 41]
4 101.964285714 [ 2  6  8 53]
4 101.964285714 [ 8 26 34 44]
4 101.964285714 [ 1  2  8 10]
4 101.964285714 [13 15 35 42]
4 101.964285714 [ 2  8 37 41]
4 101.964285714 [ 3 26 41 54]
4 101.964285714 [ 0  6 15 42]
4 101.964285714 [ 7 13 26 31]
4 101.964285714 [ 2  8 41 53]
4 101.964285714 [ 4 14 35 42]
4 101.964285714 [ 8 26 34 38]
0.617862970363 0.333333333333 0.9 0.195289107717
08 lung.dat        dims=56 trainset=   25/   32    feature_distribution =
[[ 4 20]]
6 92.2115384615 [ 0  2  4  6  8 10]
6 92.2115384615 [ 0  2  4  6  8 10]
6 92.2115384615 [ 0  2  4  6  8 10]
6 92.2115384615 [ 0  2  4  6  8 10]
6 92.2115384615 [ 0  2  4  6  8 10]
6 92.2115384615 [ 0  2  4  6  8 10]
6 92.2115384615 [ 0  2  4  6  8 10]
6 92.2115384615 [ 0  2  4  6  8 10]
6 92.2115384615 [ 0  2  4  6  8 10]
6 92.2115384615 [ 0  2  4  6  8 10]
6 92.2115384615 [ 0  2  4  6  8 10]
6 92.2115384615 [ 0  2  4  6  8 10]
6 92.2115384615 [ 0  2  4  6  8 10]
6 92.2115384615 [ 0  2  4  6  8 10]
6 92.2115384615 [ 0  2  4  6  8 10]
6 92.2115384615 [ 0  2  4  6  8 10]
6 92.2115384615 [ 0  2  4  6  8 10]
6 92.2115384615 [ 0  2  4  6  8 10]
6 92.2115384615 [ 0  2  4  6  8 10]
6 92.2115384615 [ 0  2  4  6  8 10]
1.0 1.0 1.0 0.0
09 m-of-n.dat      dims=13 trainset=  800/ 1000    feature_distribution =
[[ 6 20]]
4 99.2045454545 [ 3 10 17 19]
4 99.2045454545 [ 3  6 10 19]
4 99.2045454545 [ 3  6 10 19]
4 99.2045454545 [ 4 14 20 21]
4 99.2045454545 [ 4 10 18 21]
4 99.2045454545 [ 4 10 18 21]
4 99.2045454545 [ 3 10 19 21]
4 99.2045454545 [ 3 10 17 19]
4 99.2045454545 [ 3  7 10 19]
4 99.2045454545 [ 2  3 10 19]
4 99.2045454545 [ 3  6 10 19]
4 99.2045454545 [ 4 14 20 21]
4 99.2045454545 [ 4 14 20 21]
4 99.2045454545 [ 2  3 10 19]
4 99.2045454545 [ 2  3 10 19]
4 99.2045454545 [ 3  7 10 19]
4 99.2045454545 [ 3 10 17 19]
4 99.2045454545 [ 3 10 19 21]
4 99.2045454545 [ 3 10 19 21]
4 99.2045454545 [ 2  3 10 19]
1.0 1.0 1.0 0.0
10 mushroom.dat    dims=22 trainset= 6499/ 8124    feature_distribution =
[[ 4 20]]
2 102.321428571 [21 22]
2 102.321428571 [21 27]
2 102.321428571 [20 21]
2 102.321428571 [20 21]
2 102.321428571 [ 3 21]
2 102.321428571 [20 21]
2 102.321428571 [21 22]
2 102.321428571 [ 3 21]
2 102.321428571 [21 27]
2 102.321428571 [21 27]
2 102.321428571 [21 22]
2 102.321428571 [ 3 21]
2 102.321428571 [21 27]
2 102.321428571 [20 21]
2 102.321428571 [20 21]
2 102.321428571 [21 22]
2 102.321428571 [20 21]
2 102.321428571 [21 27]
2 102.321428571 [21 27]
2 102.321428571 [20 21]
1.0 1.0 1.0 0.0
11 soybean.dat     dims=35 trainset=   37/   47    feature_distribution =
[[ 2 20]]
8 91.25 [ 0  1  2  3  8 10 12 15]
8 91.25 [ 0  1  2  3  8 10 12 15]
8 91.25 [ 0  1  2  3  8 10 12 15]
8 91.25 [ 0  1  2  3  8 10 12 15]
8 91.25 [ 0  1  2  3  8 10 12 15]
5 88.4375 [ 2  3 10 12 15]
8 91.25 [ 0  1  2  3  8 10 12 15]
8 91.25 [ 0  1  2  3  8 10 12 15]
8 91.25 [ 0  1  2  3  8 10 12 15]
8 91.25 [ 0  1  2  3  8 10 12 15]
8 91.25 [ 0  1  2  3  8 10 12 15]
8 91.25 [ 0  1  2  3  8 10 12 15]
5 88.4375 [ 2  3 10 12 15]
5 88.4375 [ 2  3 10 12 15]
8 91.25 [ 0  1  2  3  8 10 12 15]
8 91.25 [ 0  1  2  3  8 10 12 15]
8 91.25 [ 0  1  2  3  8 10 12 15]
8 91.25 [ 0  1  2  3  8 10 12 15]
8 91.25 [ 0  1  2  3  8 10 12 15]
8 91.25 [ 0  1  2  3  8 10 12 15]
0.935066405112 0.895833333333 0.985714285714 0.024803585681
12 vote.dat        dims=16 trainset=  240/  300    feature_distribution =
[[ 5  3]
 [ 8 17]]
