Feature selection on 11 UCI datasets to minimize feature count and maximize scores
8 96.0
8 96.0
8 96.0
8 96.0
8 96.0
8 96.0
8 95.55
8 96.0
8 96.0
8 96.0
8 96.0
8 96.0
8 96.0
8 96.0
8 96.0
8 96.0
8 96.0
8 96.0
8 96.0
8 96.0
00 credit.dat      dims=20 trainset=  800/ 1000    feature_distribution =
[[ 8 20]]
6 98.2352941176
6 98.2352941176
6 98.2352941176
6 98.2352941176
6 98.2352941176
6 98.2352941176
6 98.2352941176
6 98.2352941176
6 98.2352941176
6 98.2352941176
6 98.2352941176
6 98.2352941176
6 98.2352941176
7 97.9411764706
6 98.2352941176
6 98.2352941176
6 98.2352941176
6 98.2352941176
6 98.2352941176
6 98.2352941176
01 derm.dat        dims=34 trainset=  292/  366    feature_distribution =
[[ 6 19]
 [ 7  1]]
9 97.3529411765
8 97.6470588235
9 97.3529411765
8 97.6470588235
9 97.3529411765
8 97.6470588235
8 97.6470588235
8 97.6470588235
9 97.3529411765
9 97.3529411765
8 97.6470588235
9 97.3529411765
8 97.6470588235
8 97.6470588235
8 97.6470588235
8 97.6470588235
9 97.3529411765
9 97.3529411765
9 97.3529411765
9 97.3529411765
02 derm2.dat       dims=34 trainset=  286/  358    feature_distribution =
[[ 8 10]
 [ 9 10]]
1 9.23076923077
1 9.23076923077
1 9.23076923077
6 95.3846153846
1 9.23076923077
1 9.23076923077
1 9.23076923077
1 9.23076923077
1 9.23076923077
1 9.23076923077
1 9.23076923077
1 9.23076923077
1 9.23076923077
1 9.23076923077
1 9.23076923077
6 95.3846153846
1 9.23076923077
1 9.23076923077
1 9.23076923077
1 9.23076923077
03 exactly.dat     dims=13 trainset=  800/ 1000    feature_distribution =
[[ 1 18]
 [ 6  2]]
1 9.23076923077
1 9.23076923077
1 9.23076923077
10 92.3076923077
10 92.3076923077
1 9.23076923077
10 92.3076923077
1 9.23076923077
1 9.23076923077
1 9.23076923077
1 9.23076923077
1 9.23076923077
1 9.23076923077
1 9.23076923077
1 9.23076923077
10 92.3076923077
1 9.23076923077
1 9.23076923077
1 9.23076923077
1 9.23076923077
04 exactly2.dat    dims=13 trainset=  800/ 1000    feature_distribution =
[[ 1 16]
 [10  4]]
5 95.5416012559
5 95.5416012559
5 95.5416012559
5 95.5416012559
5 95.5416012559
5 95.5416012559
5 95.5416012559
5 95.5416012559
5 95.5416012559
5 95.5416012559
5 95.5416012559
5 95.5416012559
5 95.5416012559
5 95.5416012559
5 95.5416012559
5 95.5416012559
5 95.5416012559
5 95.5416012559
5 95.5416012559
5 95.5416012559
05 heart.dat       dims=13 trainset=  235/  294    feature_distribution =
[[ 5 20]]
5 97.9166666667
5 97.9166666667
5 97.9166666667
5 97.9166666667
5 97.9166666667
5 97.9166666667
5 97.9166666667
5 97.9166666667
5 97.9166666667
5 97.9166666667
5 97.9166666667
5 97.9166666667
5 97.9166666667
5 97.9166666667
5 97.9166666667
5 97.9166666667
5 97.9166666667
5 97.9166666667
5 97.9166666667
5 97.9166666667
06 led.dat         dims=24 trainset= 1600/ 2000    feature_distribution =
[[ 5 20]]
8 96.8
8 96.8
8 96.8
8 96.8
8 96.8
8 96.8
8 96.8
8 96.8
8 96.8
8 96.8
8 96.8
8 96.8
8 96.8
8 96.8
8 96.8
8 96.8
8 96.8
8 96.8
8 96.8
8 96.8
07 letters.dat     dims=25 trainset=   20/   26    feature_distribution =
[[ 8 20]]
4 99.2857142857
5 99.1071428571
5 99.1071428571
4 99.2857142857
4 99.2857142857
4 99.2857142857
5 99.1071428571
4 99.2857142857
5 99.1071428571
5 99.1071428571
4 99.2857142857
4 99.2857142857
5 99.1071428571
5 99.1071428571
4 99.2857142857
4 99.2857142857
4 99.2857142857
5 99.1071428571
5 99.1071428571
4 99.2857142857
08 lung.dat        dims=56 trainset=   25/   32    feature_distribution =
[[ 4 11]
 [ 5  9]]
1 9.23076923077
6 95.3846153846
6 95.3846153846
6 95.3846153846
6 95.3846153846
1 9.23076923077
1 9.23076923077
6 95.3846153846
6 95.3846153846
6 95.3846153846
1 9.23076923077
6 95.3846153846
6 95.3846153846
6 95.3846153846
6 95.3846153846
6 95.3846153846
1 9.23076923077
1 9.23076923077
1 9.23076923077
6 95.3846153846
09 m-of-n.dat      dims=13 trainset=  800/ 1000    feature_distribution =
[[ 1  7]
 [ 6 13]]
4 98.1818181818
4 98.1818181818
4 98.1818181818
4 98.1818181818
4 98.1818181818
4 98.1818181818
4 98.1818181818
4 98.1818181818
4 98.1818181818
4 98.1818181818
4 98.1818181818
4 98.1818181818
4 98.1818181818
4 98.1818181818
4 98.1818181818
4 98.1818181818
4 98.1818181818
4 98.1818181818
4 98.1818181818
4 98.1818181818
10 mushroom.dat    dims=22 trainset= 6499/ 8124    feature_distribution =
[[ 4 20]]
8 95.0
8 95.0
8 95.0
8 95.0
8 95.0
8 95.0
8 95.0
8 95.0
8 95.0
8 95.0
8 95.0
8 95.0
8 95.0
8 95.0
8 95.0
8 95.0
8 95.0
8 95.0
8 95.0
8 95.0
11 vote.dat        dims=16 trainset=  240/  300    feature_distribution =
[[ 8 20]]
