Feature selection on 11 UCI datasets to minimize feature count and maximize scores
8 92.0
8 92.0
8 92.0
8 92.0
8 92.0
8 92.0
8 92.0
8 92.0
8 91.6
8 92.0
8 92.0
8 92.0
8 91.6
8 91.6
8 91.6
8 92.0
8 92.0
8 92.0
8 92.0
8 91.04
0.585714285714
0.585714285714 0.585714285714 0.585714285714 0.0
00 credit.dat      dims=20 trainset=  800/ 1000    feature_distribution =
[[ 8 20]]
7 95.8823529412
8 95.2941176471
7 95.8823529412
7 95.8823529412
6 96.4705882353
7 95.8823529412
6 96.4705882353
7 95.8823529412
6 96.4705882353
5 96.6216650595
7 95.8823529412
8 95.2941176471
6 96.4705882353
5 96.6216650595
6 96.4705882353
6 96.4705882353
6 96.4705882353
6 96.4705882353
6 96.4705882353
7 95.8823529412
0.680249234197
0.680249234197 0.680249234197 0.680249234197 0.0
01 derm.dat        dims=34 trainset=  292/  366    feature_distribution =
[[5 2]
 [6 9]
 [7 7]
 [8 2]]
9 94.7058823529
10 94.1176470588
8 95.2941176471
9 94.7058823529
8 95.2941176471
9 94.7058823529
9 94.7058823529
8 95.2941176471
9 94.7058823529
9 94.7058823529
10 94.1176470588
9 94.7058823529
8 95.2941176471
10 94.1176470588
9 94.7058823529
9 94.7058823529
10 94.1176470588
9 94.7058823529
8 95.2941176471
9 94.7058823529
0.733073571309
0.733073571309 0.733073571309 0.733073571309 0.0
02 derm2.dat       dims=34 trainset=  286/  358    feature_distribution =
[[ 8  5]
 [ 9 11]
 [10  4]]
6 90.7692307692
6 90.7692307692
6 90.7692307692
6 90.7692307692
6 90.7692307692
6 90.7692307692
6 90.7692307692
6 90.7692307692
6 90.7692307692
6 90.7692307692
6 90.7692307692
6 90.7692307692
6 90.7692307692
6 90.7692307692
1 18.4615384615
6 90.7692307692
6 90.7692307692
6 90.7692307692
6 90.7692307692
6 90.7692307692
1.0
1.0 1.0 1.0 0.0
03 exactly.dat     dims=13 trainset=  800/ 1000    feature_distribution =
[[ 1  1]
 [ 6 19]]
10 84.6153846154
1 18.4615384615
10 84.6153846154
10 84.6153846154
10 84.6153846154
1 18.4615384615
10 84.6153846154
10 84.6153846154
10 84.6153846154
10 84.6153846154
10 84.6153846154
1 18.4615384615
10 84.6153846154
10 84.6153846154
10 84.6153846154
10 84.6153846154
10 84.6153846154
10 84.6153846154
1 18.4615384615
10 84.6153846154
0.713580734307
0.713580734307 0.713580734307 0.713580734307 0.0
04 exactly2.dat    dims=13 trainset=  800/ 1000    feature_distribution =
[[ 1  4]
 [10 16]]
4 92.2135007849
4 92.2135007849
4 92.2135007849
4 92.2135007849
4 92.2135007849
4 92.2135007849
4 92.2135007849
4 92.2135007849
4 92.2135007849
4 92.2135007849
4 92.2135007849
4 92.2135007849
4 92.2135007849
4 92.2135007849
4 92.2135007849
4 92.2135007849
4 92.2135007849
4 92.2135007849
4 92.2135007849
4 92.2135007849
0.541327913279
0.541327913279 0.541327913279 0.541327913279 0.0
05 heart.dat       dims=13 trainset=  235/  294    feature_distribution =
[[ 4 20]]
5 95.8333333333
5 95.8333333333
5 95.8333333333
4 64.7066666667
5 95.8333333333
5 95.8333333333
4 64.7066666667
5 95.8333333333
5 95.8333333333
5 95.8333333333
5 95.8333333333
5 95.8333333333
5 95.8333333333
5 95.8333333333
5 95.8333333333
5 95.8333333333
5 95.8333333333
5 95.8333333333
5 95.8333333333
5 95.8333333333
1.0
1.0 1.0 1.0 0.0
06 led.dat         dims=24 trainset= 1600/ 2000    feature_distribution =
[[ 4  2]
 [ 5 18]]
9 92.8
10 92.0
8 93.6
9 92.8
10 92.0
8 93.6
9 92.8
9 92.8
9 92.8
10 92.0
9 92.8
9 92.8
9 92.8
9 92.8
9 92.8
9 92.8
9 92.8
8 93.6
9 92.8
8 93.6
0.0
0.0 0.0 0.0 0.0
07 letters.dat     dims=25 trainset=   20/   26    feature_distribution =
[[ 8  4]
 [ 9 13]
 [10  3]]
6 97.8571428571
4 98.5714285714
5 98.2142857143
4 98.5714285714
5 98.2142857143
6 97.8571428571
5 98.2142857143
6 97.8571428571
4 98.5714285714
7 97.5
6 97.8571428571
5 98.2142857143
5 98.2142857143
5 98.2142857143
5 98.2142857143
6 97.8571428571
6 97.8571428571
7 97.5
5 98.2142857143
5 98.2142857143
0.65
0.65 0.65 0.65 0.0
08 lung.dat        dims=56 trainset=   25/   32    feature_distribution =
[[4 3]
 [5 9]
 [6 6]
 [7 2]]
6 90.7692307692
6 90.7692307692
6 90.7692307692
6 90.7692307692
6 90.7692307692
6 90.7692307692
6 90.7692307692
6 90.7692307692
6 90.7692307692
6 90.7692307692
6 90.7692307692
6 90.7692307692
6 90.7692307692
6 90.7692307692
6 90.7692307692
1 18.4615384615
6 90.7692307692
6 90.7692307692
6 90.7692307692
6 90.7692307692
1.0
1.0 1.0 1.0 0.0
09 m-of-n.dat      dims=13 trainset=  800/ 1000    feature_distribution =
[[ 1  1]
 [ 6 19]]
4 96.3636363636
4 96.3636363636
5 95.4545454545
4 96.3636363636
4 96.3636363636
4 96.3636363636
4 96.3636363636
4 96.3636363636
4 96.3636363636
5 95.4545454545
4 96.3636363636
4 96.3636363636
4 96.3636363636
4 96.3636363636
4 96.3636363636
4 96.3636363636
4 96.3636363636
4 96.3636363636
4 96.3636363636
4 96.3636363636
1.0
1.0 1.0 1.0 0.0
10 mushroom.dat    dims=22 trainset= 6499/ 8124    feature_distribution =
[[ 4 18]
 [ 5  2]]
7 90.1833333333
7 90.1833333333
7 90.1833333333
7 90.1833333333
7 90.1833333333
7 90.1833333333
7 90.1833333333
7 90.1833333333
7 90.1833333333
7 90.1833333333
7 90.1833333333
7 90.1833333333
7 90.1833333333
7 90.1833333333
7 90.1833333333
7 90.1833333333
7 90.1833333333
7 90.1833333333
7 90.1833333333
7 90.1833333333
0.98275862069
0.98275862069 0.98275862069 0.98275862069 0.0
11 vote.dat        dims=16 trainset=  240/  300    feature_distribution =
[[ 7 20]]
